[0m[[0minfo[0m] [0mLoading project definition from /Users/seeng/school/Spring2016/comp541/wikipedia-project/project[0m
[0m[[0minfo[0m] [0mSet current project to wikipedia-topic-modeling (in build file:/Users/seeng/school/Spring2016/comp541/wikipedia-project/)[0m
[0m[[0minfo[0m] [0mRunning LDAExample --k=20 --stopwordFile=data/stop_words.txt --vocabSize=200 ../wikipedia_data/disk{101,102,103,104,105,106,107,108,109,110,111,112,113,114,115,116,117,118,119,120,121,122,123,124,125,126,127,128,129,130,131,132,133,134,135,136,137,138,139,140,141,142,143,144,145,146,147,148,149,}.txt[0m

Corpus summary:
	 Training set size: 470713 documents
	 Vocabulary size: 200 terms
	 Training set size: 708091 tokens
	 Preprocessing time: 131.410132 sec

Finished training LDA model.  Summary:
	 Training time: 34.764195 sec
	 Training data average log likelihood: -11.630794488112686

20 topics:
TOPIC 0
huge	0.006351120331833787
regularly	0.00626364651682441
hired	0.006083305347006848
rabbi	0.0060618227788228375
apart	0.0059789977687602506
returns	0.00593790741879061
offering	0.005911943137978057
injured	0.00590401627445497
prepared	0.0058799891589299
headed	0.005876598981492711

TOPIC 1
regulations	0.29391191756102364
amendment	0.24110620658857262
designation	0.04299105854878942
charges	0.02853707407996988
merchant	0.019698100524522113
harbour	0.010687499746153479
temporary	0.0075450647357298214
experimental	0.006818625027165275
credits	0.0058094407305122045
marks	0.00553710522812763

TOPIC 2
innings	0.009535114574180053
dragons	0.007447418571309895
sand	0.007261692323366913
baker	0.0064875793334875365
huge	0.006276657699706019
hired	0.006267728283348652
injured	0.0062199510436706405
regularly	0.00619938141997842
returns	0.006049701923330252
prepared	0.006034981338166087

TOPIC 3
adelaide	0.009560824090398485
rabbi	0.00947428053354133
jerusalem	0.006654112576412472
apple	0.0063100277349551
bomb	0.006259326534589814
crash	0.006181877937178062
passage	0.006118007808174063
huge	0.006110463453097962
hired	0.00607540040198997
snow	0.00603921512396842

TOPIC 4
variant	0.018885244612022123
tribute	0.007418894300016202
injured	0.006249284166397616
hired	0.006118534346844421
laboratory	0.006111870534910675
returns	0.006095982225072746
huge	0.006054612596447959
regularly	0.0060072733654997715
replacing	0.0059927004799484205
barry	0.005918087230170655

TOPIC 5
variant	0.037773556841519694
marvel	0.008093486745824632
rabbi	0.007384810985550728
horses	0.007240635933661249
passage	0.006866929802143068
baker	0.006013946963198454
offering	0.005998628247929173
huge	0.005988856957870979
innings	0.005954940008750993
regularly	0.005906572946264026

TOPIC 6
sand	0.03283669339224217
apple	0.010843502164026166
barry	0.006678452813671404
pierre	0.006572554233517653
collins	0.006233471886812203
hired	0.006133678623532089
huge	0.006070728049503852
regularly	0.006058198100612422
donald	0.006038281166178182
snow	0.005827199243533075

TOPIC 7
councillor	0.09849752764796342
pierre	0.014132905645653782
marvel	0.009638102586587592
passage	0.006801233509932528
donald	0.005886853483886445
regularly	0.005660523864649733
huge	0.005549110051112477
hired	0.005514010496433397
tribute	0.005401933827919374
adelaide	0.005350141561913861

TOPIC 8
baker	0.009269782374644498
apple	0.008379636111808655
innings	0.008103906358015818
passage	0.00787267563350244
injured	0.006284038619193964
regularly	0.00618057942388244
hired	0.00617615448387076
barry	0.0061468062881671936
huge	0.006141122631602744
nazi	0.0060878101648270235

TOPIC 9
adelaide	0.00976289708636345
celtic	0.009265748147850767
horses	0.007923783505818944
innings	0.007533895508300807
regularly	0.006276251217434003
returns	0.00626790065396472
lions	0.006185177138182178
injured	0.006145373216172524
huge	0.0061427783653456285
rabbi	0.006116640860288363

TOPIC 10
define	0.17785734531127456
collins	0.0079641297030736
passage	0.006838091107871705
horses	0.005630758649001788
temporary	0.005365327287309596
returns	0.005232628368012261
huge	0.00511636640205751
hired	0.005096897665886612
regularly	0.005069464293087524
credits	0.004966658941690616

TOPIC 11
tribute	0.007567615777383779
injured	0.0064576690763021435
huge	0.006368445353434564
regularly	0.006325792793214488
horses	0.006294924488467819
hired	0.006248115378011432
returns	0.006125451920209467
yearold	0.0059342041577764865
apart	0.005911775104170393
involving	0.005883912312589179

TOPIC 12
marvel	0.007513050756941704
celtic	0.007012766048841714
temporary	0.006555643697892446
dragons	0.006457494653960891
returns	0.0063245901643416225
innings	0.006280622763463286
hired	0.006206210515991867
huge	0.006182191369475253
regularly	0.006137948570380979
injured	0.006118254406052039

TOPIC 13
charges	0.008438227097657347
variant	0.007640929351767278
adelaide	0.007397095158072866
passage	0.007331382349380948
temporary	0.00688844384911016
designation	0.006809935756717217
merchant	0.006564274193111016
trading	0.006263773950149667
legislation	0.006251605612673443
returns	0.006149208219061258

TOPIC 14
sand	0.006883677274871372
charges	0.006502557729824437
temporary	0.006331418999387782
credits	0.0063188871484756
trading	0.006115176457174581
huge	0.006099016701275659
hired	0.006055652379223573
regularly	0.006051246775268414
marks	0.006049005197423128
tribute	0.005881147487158873

TOPIC 15
collins	0.07068835280479557
rabbi	0.009419735145002587
dragons	0.007801273179976309
innings	0.007119802627082871
jerusalem	0.006671912595338159
publishers	0.006000893348294646
phil	0.00577508577599407
offering	0.00576761789487833
huge	0.005747647524906064
injured	0.0057346501549476485

TOPIC 16
amendment	0.03219295868635645
temporary	0.015826073958387123
harbour	0.014433245046764557
merchant	0.013370458464994309
charges	0.012983592068611343
designation	0.009765576811719742
apple	0.008320299804661303
legislation	0.007843985762610497
marks	0.007778548828735423
credits	0.0076529650958136585

TOPIC 17
marvel	0.006734124748459155
passage	0.006666771639225184
eagle	0.006323364169570342
regularly	0.006197047559517967
huge	0.006187428520312946
hired	0.006185792032078629
injured	0.0061086271577716345
apple	0.0060890641913174375
grammar	0.005933756486017245
acoustic	0.005916156453223128

TOPIC 18
celtic	0.050109059243478256
rabbi	0.015090787146816406
baker	0.006894289751639692
horses	0.006046917077224912
jerusalem	0.006034839232733523
alternate	0.006010746363129582
strategic	0.0057806564559276016
huge	0.005709693484639552
offering	0.005696459626394113
regularly	0.005687104144274743

TOPIC 19
sand	0.009975515565522368
rabbi	0.007310839372498868
jerusalem	0.006790488810720468
celtic	0.006562308361837969
regularly	0.006165316908251562
hired	0.006021960264691089
huge	0.006021892125789686
strategic	0.0060108247932875595
injured	0.005929970951329368
apart	0.0058892669307856315

Terms found in all topics: 
experimental: 1
regulations: 1
crash: 1
grammar: 1
headed: 1
lions: 1
alternate: 1
replacing: 1
phil: 1
councillor: 1
involving: 1
nazi: 1
publishers: 1
eagle: 1
acoustic: 1
bomb: 1
laboratory: 1
define: 1
yearold: 1
snow: 2
donald: 2
harbour: 2
amendment: 2
prepared: 2
legislation: 2
strategic: 2
trading: 2
pierre: 2
marks: 3
designation: 3
apart: 3
variant: 3
collins: 3
barry: 3
dragons: 3
merchant: 3
sand: 4
tribute: 4
adelaide: 4
baker: 4
credits: 4
jerusalem: 4
charges: 4
offering: 4
celtic: 4
marvel: 4
horses: 5
apple: 5
innings: 6
temporary: 6
rabbi: 7
passage: 7
returns: 8
injured: 10
hired: 13
regularly: 15
huge: 17
The word 'hired' appeared in 13 topics: adding to data/stop_words.txt.
The word 'regularly' appeared in 15 topics: adding to data/stop_words.txt.
The word 'huge' appeared in 17 topics: adding to data/stop_words.txt.
[0m[[32msuccess[0m] [0mTotal time: 171 s, completed May 9, 2016 12:17:57 AM[0m
