[0m[[0minfo[0m] [0mLoading project definition from /Users/seeng/school/Spring2016/comp541/wikipedia-project/project[0m
[0m[[0minfo[0m] [0mSet current project to wikipedia-topic-modeling (in build file:/Users/seeng/school/Spring2016/comp541/wikipedia-project/)[0m
[0m[[0minfo[0m] [0mRunning LDAExample --k=20 --stopwordFile=data/stop_words.txt --vocabSize=200 ../wikipedia_data/disk{501,502,503,504,505,506,507,508,509,510,511,512,513,514,515,516,517,518,519,520,521,522,523,524,525,526,527,528,529,530,531,532,533,534,535,536,537,538,539,540,541,542,543,544,545,546,547,548,549,}.txt[0m

Corpus summary:
	 Training set size: 296755 documents
	 Vocabulary size: 200 terms
	 Training set size: 190064 tokens
	 Preprocessing time: 49.872773 sec

Finished training LDA model.  Summary:
	 Training time: 21.704687 sec
	 Training data average log likelihood: -6.17771250734546

20 topics:
TOPIC 0
pupils	0.08421567708604016
apply	0.023491120377604452
additionally	0.019996669604977688
percentage	0.019024341431778564
exception	0.017590304114294186
pedro	0.015845090373341888
skating	0.013825968525553334
ranking	0.013377235489067085
benefits	0.012370999321423761
profile	0.012061572466941752

TOPIC 1
skating	0.014105766554293115
incumbent	0.013191284991442835
nevada	0.011422856241078026
choir	0.009006515999938557
artistic	0.008993946400453838
sprint	0.008894454855458466
scientists	0.00843038140041032
architectural	0.008376484203427745
strategic	0.008303018530282254
eliminated	0.008254387528537748

TOPIC 2
kategori	0.37222812420940043
episcopal	0.007561420387319189
skating	0.006436766760306426
sprint	0.0063806640091473976
nevada	0.005757308258815668
contribute	0.005543734125993438
strategic	0.005449637601337071
architectural	0.0054063448636183
slovenia	0.005366997522806085
benjamin	0.005281521382827218

TOPIC 3
kyle	0.13060879249791374
saskatchewan	0.08061517625683344
happened	0.04591085216947489
tech	0.02317953908938058
divisin	0.01606007416117904
tied	0.010253466167734955
jonathan	0.008861954117020657
skating	0.008701303673929687
geregen	0.008663749631389855
rico	0.008625608030782215

TOPIC 4
timestamp	0.12497427722369114
lang	0.09683848668358412
oldid	0.08219829582441733
namespace	0.07614298139796184
pagename	0.07433096027026416
wikidomain	0.07385772287009795
editid	0.07385772226302315
revid	0.07385772115556974
indexedlink	0.07322622926943727
linkwatcherlinklogin	0.06304350442122159

TOPIC 5
nevada	0.024946979093744423
visa	0.018997602870788027
earthquake	0.018572597121432992
rico	0.016419761384649092
clay	0.016208911823691212
skating	0.011472531803704942
ranking	0.011353899913102802
apply	0.010390298168328245
caribbean	0.010214182838961203
abuse	0.010134330860602793

TOPIC 6
earthquake	0.039069938537600594
rico	0.010595460334206863
contribute	0.009522899823068599
eclipse	0.009355735262560772
architectural	0.008366058421682669
tortricidae	0.008092287616973951
artistic	0.00805998983759735
nigeria	0.007987022919181025
collaboration	0.0078058605938249636
adults	0.007685551822300264

TOPIC 7
stoke	0.024845746710500383
eclipse	0.009827484949782715
contribute	0.009132295799159891
architectural	0.00882326554222359
incumbent	0.00843958780305082
collaboration	0.008386895356431645
arranged	0.008332562111266728
strategic	0.008087537866831179
wright	0.008070553731402858
artistic	0.007985038506424435

TOPIC 8
chemspiderid	0.10365090525015401
syndrome	0.08702234794272244
casno	0.07282784298627962
addindex	0.03901302172247836
contribute	0.007438925023880608
eclipse	0.006729887875451805
abuse	0.006127737568531045
strategic	0.006071405786182181
arranged	0.005961207102339367
partial	0.005922373980566872

TOPIC 9
ruigeroeland	0.2677837198853711
nicolao	0.22989400073973085
amantio	0.2296875404042017
bromels	0.0774676624500639
neoregelia	0.01902873797788875
starzynka	0.006439839622505726
pedro	0.004196089284860645
postal	0.0027943961369599054
rico	0.0027515763346124674
pink	0.002324107923848901

TOPIC 10
archive	0.2825275465014751
earthquake	0.01814214853620747
archives	0.012317914839822973
liberty	0.012215058946424408
clay	0.010935283605296896
americas	0.00828632194649663
choir	0.006831468268697863
artistic	0.006651660616431808
contribute	0.006251995077479321
arranged	0.0061981931187322405

TOPIC 11
joshua	0.18922740907199692
glawson	0.14558308902376044
contribute	0.006347450665565639
eclipse	0.006264842209004168
artistic	0.006154140139933205
tech	0.00600412695324801
benjamin	0.0057193179396243365
feed	0.005658416311725446
sarah	0.005644989675211953
revival	0.0056060609875776555

TOPIC 12
encyclopaedia	0.2577190028058412
wikisource	0.20510284915259452
neoregelia	0.05595720628093122
stoke	0.027478141852564014
razowski	0.02574066709124494
tortricidae	0.006640043106184936
organic	0.005648493257733001
apply	0.0049485514049452525
profile	0.004296313321611185
additionally	0.004220166092747947

TOPIC 13
contribute	0.009661673504946119
organic	0.008940069779319866
architectural	0.008838379673086552
rico	0.00875175682131345
artistic	0.008460899683193614
adults	0.008452907006592805
collaboration	0.008397074891908447
eclipse	0.008393633753797388
feed	0.008050834561866031
experimental	0.007921457554462082

TOPIC 14
stoke	0.02286648221179562
nevada	0.014127270247917864
false	0.010660027271961902
eclipse	0.009166385083975543
contribute	0.009013963950737613
skating	0.008420568037653424
artistic	0.008323355520735189
sculpture	0.008236590637424813
architectural	0.008094156638830077
strategic	0.008024271534237086

TOPIC 15
geregen	0.11034934397129047
visa	0.09084263050556549
divisin	0.030535885303554416
stoke	0.030319884894618888
razowski	0.02827450313690703
eurovision	0.014544753318366818
tortricidae	0.008723255099011746
fred	0.007882665696037381
ranking	0.00787118636253879
episcopal	0.0071720248430563

TOPIC 16
starzynka	0.3727368937418282
pedro	0.0257755326062414
clay	0.01670615665318188
skating	0.012001281381710542
ranking	0.009976775312705662
eurovision	0.008446735415866699
organic	0.008389491932739211
episcopal	0.008067456222618452
nigeria	0.00623543796547972
nicholas	0.006044016192311063

TOPIC 17
episcopal	0.02400191357850447
postal	0.011447872058804319
skating	0.011402218086829882
eurovision	0.010648920727010977
grace	0.008697045264923655
architectural	0.008480420424907887
contribute	0.008475492351190281
liberty	0.008270472313970885
arranged	0.008156922121718225
artistic	0.008134881890712075

TOPIC 18
commonchemistry	0.1576325108112173
chemspiderid	0.12613025345642306
addindex	0.10013688798987594
smiles	0.09006368869333511
pubchem	0.08699607948738254
inchi	0.08663090663960897
verified	0.08368064793547646
clearall	0.07414883392363197
botcommand	0.07224985767586407
byodood	0.0633214905229273

TOPIC 19
unified	0.2173947050025455
syllable	0.09424622223286255
earthquake	0.007296448113257048
contribute	0.006509196990294428
artistic	0.006191267555022111
commerce	0.006169881524739388
strategic	0.006136428558552896
print	0.005920516676402755
integrated	0.005883561943642601
column	0.005734522338876598

Terms found in all topics: 
sarah: 1
percentage: 1
experimental: 1
false: 1
nicolao: 1
revival: 1
grace: 1
indexedlink: 1
benefits: 1
partial: 1
timestamp: 1
casno: 1
fred: 1
oldid: 1
archives: 1
saskatchewan: 1
print: 1
encyclopaedia: 1
linkwatcherlinklogin: 1
clearall: 1
wright: 1
commerce: 1
kyle: 1
exception: 1
slovenia: 1
syllable: 1
editid: 1
amantio: 1
ruigeroeland: 1
byodood: 1
pupils: 1
unified: 1
nicholas: 1
commonchemistry: 1
happened: 1
tied: 1
inchi: 1
kategori: 1
pagename: 1
eliminated: 1
smiles: 1
sculpture: 1
pubchem: 1
column: 1
caribbean: 1
scientists: 1
americas: 1
jonathan: 1
pink: 1
bromels: 1
lang: 1
integrated: 1
glawson: 1
joshua: 1
wikidomain: 1
archive: 1
verified: 1
syndrome: 1
namespace: 1
wikisource: 1
revid: 1
botcommand: 1
postal: 2
starzynka: 2
geregen: 2
abuse: 2
choir: 2
additionally: 2
visa: 2
razowski: 2
sprint: 2
profile: 2
feed: 2
adults: 2
tech: 2
divisin: 2
neoregelia: 2
nigeria: 2
benjamin: 2
incumbent: 2
liberty: 2
addindex: 2
chemspiderid: 2
collaboration: 3
eurovision: 3
tortricidae: 3
organic: 3
apply: 3
pedro: 3
clay: 3
ranking: 4
nevada: 4
episcopal: 4
stoke: 4
earthquake: 4
arranged: 4
rico: 5
eclipse: 6
strategic: 6
architectural: 7
skating: 8
artistic: 9
contribute: 10
[0m[[32msuccess[0m] [0mTotal time: 76 s, completed May 9, 2016 12:31:46 AM[0m
