[0m[[0minfo[0m] [0mLoading project definition from /Users/seeng/school/Spring2016/comp541/wikipedia-project/project[0m
[0m[[0minfo[0m] [0mSet current project to wikipedia-topic-modeling (in build file:/Users/seeng/school/Spring2016/comp541/wikipedia-project/)[0m
[0m[[0minfo[0m] [0mRunning LDAExample --k=20 --stopwordFile=data/stop_words.txt --vocabSize=200 ../wikipedia_data/disk{151,152,153,154,155,156,157,158,159,160,161,162,163,164,165,166,167,168,169,170,171,172,173,174,175,176,177,178,179,180,181,182,183,184,185,186,187,188,189,190,191,192,193,194,195,196,197,198,199,}.txt[0m

Corpus summary:
	 Training set size: 534293 documents
	 Vocabulary size: 200 terms
	 Training set size: 562684 tokens
	 Preprocessing time: 114.785387 sec

Finished training LDA model.  Summary:
	 Training time: 35.35136 sec
	 Training data average log likelihood: -8.132957774152354

20 topics:
TOPIC 0
infobox	0.10138427616534963
merger	0.012407094764476491
birmingham	0.009669266247494023
buses	0.008346161631947359
buffalo	0.006771993664203533
marvel	0.006444527883847509
horses	0.00607195419801113
canton	0.005873629299885185
merge	0.005796352470847958
virgin	0.005709332213966478

TOPIC 1
buses	0.013210697852613487
canton	0.007345818952618702
buffalo	0.006943687525713168
birmingham	0.006942237502659602
woods	0.0066490881417361584
cinema	0.006392699528770428
dragons	0.006377826932503947
returns	0.0063413127663759184
credits	0.006292868955280946
resident	0.006255479680892494

TOPIC 2
editsysop	0.11206742690285997
movesysop	0.11206742690283338
buses	0.007589148248454475
charges	0.0063545457475080586
merger	0.005695791705722902
merge	0.005596518655694202
maybe	0.005254934285820788
temporary	0.0051895016567358315
archive	0.005143894033761913
birmingham	0.004970106987437674

TOPIC 3
buses	0.016450424627043825
carter	0.012931406245887778
horses	0.009205918338775411
villa	0.00849030487807609
charlie	0.008080359809777303
dragons	0.006806707749397971
returns	0.006805734143883759
canton	0.006247095565512281
merge	0.00621925246948169
credits	0.006161905567740339

TOPIC 4
desu	0.20686743715084213
birmingham	0.007749687560712019
merge	0.005634967495600238
canton	0.005581183354468775
horses	0.005477933250541558
returns	0.005325033661826013
buffalo	0.0052939935250656284
buses	0.005276307592218542
archive	0.005155241953863409
maybe	0.005142302327094064

TOPIC 5
buffalo	0.008113779540884825
merger	0.008027475663451427
thailand	0.0069540154231071795
canton	0.0067229729543683715
missions	0.006661752876653843
cinema	0.006625907917177156
cork	0.006469694169260778
merge	0.0063833904076192015
bobby	0.006233143396614091
credits	0.006227778649254396

TOPIC 6
merger	0.0072331905872564
cork	0.007096216161693086
horses	0.006830206096292578
returns	0.006679165722823782
canton	0.006451006439115576
credits	0.006323834996383784
missions	0.006308503860222158
merge	0.006284798904302816
buffalo	0.006235049900394413
archive	0.006118784808752862

TOPIC 7
antichrist	0.3522105954294456
merge	0.005096110862038283
maybe	0.0048178770174467055
pretty	0.00466085184349645
archive	0.004499937728468897
merger	0.004341748196084597
sounds	0.004278275452778858
resident	0.004241591983220112
remember	0.0042329103624267755
categories	0.004177697387510401

TOPIC 8
villa	0.011753700749276686
carter	0.010049593979609911
dragons	0.008048979144829289
horses	0.007155007856018682
bobby	0.006665885863396286
credits	0.006441145793717414
canton	0.00642083892109596
adventure	0.006321676175849101
resident	0.006254990890354262
birmingham	0.0061521756877583106

TOPIC 9
canton	0.007188075958360854
collins	0.006663304850842007
buses	0.006481210116212973
resident	0.00641301406345809
horses	0.006385418524176422
credits	0.006375812185937168
archive	0.006336587001530292
broadway	0.006330969121799295
charges	0.0062629218881019326
bomb	0.006219080214556424

TOPIC 10
regulations	0.2025000035518229
amendment	0.16175601514690177
charges	0.02192920377367731
temporary	0.0071663036787206055
experimental	0.00617448271441354
marks	0.005712094220874856
penalty	0.005375608677504073
trading	0.004927045700755285
credits	0.004854794424655573
merger	0.0046973486067772435

TOPIC 11
merge	0.007001063645045599
archive	0.006759824661730355
infobox	0.0066448032632012155
dragons	0.006595810147814208
pretty	0.006589973179215791
canton	0.006584575617855701
maybe	0.006574178721574935
alternate	0.006484105889943105
sounds	0.00631651737710957
entering	0.006288377266759334

TOPIC 12
serie	0.008624433884037037
hell	0.00746805559405551
horses	0.006938368107143779
cork	0.006631415170642457
marvel	0.006609029200828015
canton	0.006553579294544256
bobby	0.006529851964871878
virgin	0.006449416605415833
missions	0.0063855175820534
merge	0.006375568677396218

TOPIC 13
rabbi	0.06377590888698785
dragons	0.007075339659385889
birmingham	0.006361146541168055
hell	0.00633699982159747
canton	0.0063157544362786
bomb	0.006151468587557519
resident	0.006023178827240649
credits	0.0059706963856954775
merge	0.005930208106459133
learned	0.005891196336213875

TOPIC 14
cork	0.01444534503884409
villa	0.011771658591266335
marvel	0.006850312858800924
collins	0.006522548009631324
canton	0.006444237573685942
merge	0.006411721736769213
missions	0.0063046954254681155
merger	0.006290840655309139
credits	0.006208485830795889
archive	0.006207098087405363

TOPIC 15
amendment	0.012891715298233917
charges	0.011047208567126796
serie	0.008167585620155189
temporary	0.0071637547850814266
canton	0.006764156958672439
credits	0.006728381742812072
missions	0.006704820300563495
experimental	0.006680980401578325
marks	0.006597891977216278
trading	0.006514219988281999

TOPIC 16
missions	0.007053828259367894
canton	0.007043447136490209
dragons	0.00699765903117809
alternate	0.006513918837813044
credits	0.0064967797080890295
entering	0.0063989350341016405
choir	0.006352594517872635
merge	0.0063350304574827
buffalo	0.006298818355446839
bomb	0.006263628146245665

TOPIC 17
carter	0.05649803793569996
villa	0.009195311741788363
birmingham	0.00747726436310505
marvel	0.007410544090967882
cork	0.007019297010057587
charlie	0.006851000657512503
bobby	0.0067661022682649775
cinema	0.006388233209215842
fred	0.006309996425826237
canton	0.006293597229020251

TOPIC 18
skipped	0.10207016972526761
plugin	0.041441011413221186
stopped	0.010870948435876281
canton	0.00625715219326052
merge	0.005917468434332583
birmingham	0.005693651784868722
resident	0.0055930116792387435
credits	0.005540975183037495
pretty	0.005535305366499354
maybe	0.005520566762418625

TOPIC 19
plugin	0.130620452340632
priority	0.1225098969714791
kingbotkp	0.1155056371801132
comments	0.10258233800061638
stopped	0.005634308231009115
buffalo	0.003940137469961695
merge	0.003846812958210877
canton	0.0037908128875250367
maybe	0.0037272785956324068
archive	0.00362675057197981

Terms found in all topics: 
learned: 1
priority: 1
regulations: 1
choir: 1
remember: 1
fred: 1
kingbotkp: 1
desu: 1
skipped: 1
rabbi: 1
woods: 1
antichrist: 1
categories: 1
thailand: 1
movesysop: 1
broadway: 1
penalty: 1
editsysop: 1
adventure: 1
comments: 1
plugin: 2
experimental: 2
sounds: 2
entering: 2
marks: 2
amendment: 2
charlie: 2
hell: 2
virgin: 2
infobox: 2
alternate: 2
collins: 2
trading: 2
stopped: 2
serie: 2
pretty: 3
temporary: 3
cinema: 3
carter: 3
bomb: 3
villa: 4
bobby: 4
charges: 4
returns: 4
marvel: 4
cork: 5
maybe: 6
buses: 6
resident: 6
dragons: 6
missions: 6
merger: 7
horses: 7
buffalo: 7
birmingham: 8
archive: 8
credits: 12
merge: 14
canton: 17
The word 'credits' appeared in 12 topics: adding to data/stop_words.txt.
The word 'merge' appeared in 14 topics: adding to data/stop_words.txt.
The word 'canton' appeared in 17 topics: adding to data/stop_words.txt.
[0m[[32msuccess[0m] [0mTotal time: 156 s, completed May 9, 2016 12:20:37 AM[0m
