[0m[[0minfo[0m] [0mLoading project definition from /Users/seeng/school/Spring2016/comp541/wikipedia-project/project[0m
[0m[[0minfo[0m] [0mSet current project to wikipedia-topic-modeling (in build file:/Users/seeng/school/Spring2016/comp541/wikipedia-project/)[0m
[0m[[0minfo[0m] [0mRunning LDAExample --k=20 --stopwordFile=data/stop_words.txt --vocabSize=200 ../wikipedia_data/disk{951,952,953,954,955,956,957,958,959,960,961,962,963,964,965,966,967,968,969,970,971,972,973,974,975,976,977,978,979,980,981,982,983,984,985,986,987,988,989,990,991,992,993,994,995,996,997,998,999,}.txt[0m

Corpus summary:
	 Training set size: 434944 documents
	 Vocabulary size: 200 terms
	 Training set size: 319948 tokens
	 Preprocessing time: 55.028017 sec

Finished training LDA model.  Summary:
	 Training time: 24.992245 sec
	 Training data average log likelihood: -5.966958264665621

20 topics:
TOPIC 0
wiktionary	0.09143338936899341
syrian	0.017977791479609952
stakes	0.016472716342550157
notices	0.014128923730253486
jump	0.013802398915089345
irrelevant	0.013755626766129231
medaltemplates	0.012511467360631912
movefrom	0.01088744387984708
behalf	0.010800798430366422
fuscous	0.010442009108093802

TOPIC 1
thursday	0.08979610472006508
tuesday	0.08630449864308605
monday	0.08048803160182924
friday	0.07205429630543582
para	0.013921833649566897
notices	0.009411100759330463
irrelevant	0.009196498119710057
medaltemplates	0.00835548449369233
fuscous	0.007356600525901357
behalf	0.0072832182781696845

TOPIC 2
crust	0.02398063524994367
rises	0.019832628901972734
ozone	0.019531348294892684
oceans	0.017980988764907266
orbits	0.017742699075867258
orbit	0.017428603902795735
galaxy	0.0163613255025504
gases	0.01478722609387764
dangerous	0.014722266886861476
mantle	0.014554456780156589

TOPIC 3
notices	0.01190268243217055
irrelevant	0.011569772079815814
galaxy	0.011440794632975426
medaltemplates	0.01092226162852533
fuscous	0.009894911095195918
forewings	0.009322183901914702
behalf	0.009220193376045092
movefrom	0.009203029270272693
facebook	0.008714266341823484
millions	0.008609717222933697

TOPIC 4
yang	0.019579849008926665
notices	0.01157565174444409
facebook	0.011574616150477087
irrelevant	0.011378575854073881
medaltemplates	0.010093865632570777
fuscous	0.009803197644708129
galaxy	0.009757900006772619
forewings	0.009148733530190734
behalf	0.009102948834079258
movefrom	0.00877551751356333

TOPIC 5
depth	0.06939609825969352
earthquake	0.05483267529702021
herbert	0.027623977719332275
notices	0.008853857569676108
irrelevant	0.008812637853203657
crust	0.00873150248850962
orbit	0.008639676248185325
galaxy	0.008564863433815661
nigeria	0.008199567651925263
rises	0.008171246778516009

TOPIC 6
shah	0.025674236008383877
timber	0.01718488913427645
contested	0.01560049250738428
notices	0.01238801207320777
irrelevant	0.012225861148547484
medaltemplates	0.011051671299956694
fuscous	0.009739675678064968
behalf	0.009697961700487362
bengal	0.009504255508779714
movefrom	0.009451615934292753

TOPIC 7
contested	0.0307376429010357
crust	0.01588211083741855
rises	0.014220344079019318
galaxy	0.01327362567497923
oceans	0.013068348915543551
orbits	0.013035632317523416
orbit	0.012699074948129751
ozone	0.012363231088603417
dangerous	0.011698912112281261
leap	0.009916048714827057

TOPIC 8
crust	0.04812836073311854
rises	0.0371661292418039
ozone	0.03715675611674702
tectonics	0.029036254271149645
mantle	0.028778432955739515
colder	0.028055023074981648
gases	0.02804504475514265
oceans	0.02776571139053338
orbits	0.027286321066458386
orbit	0.023610111790721547

TOPIC 9
tech	0.03807408606366691
timber	0.0314373528713861
crust	0.027318821265615804
ozone	0.021840295977588273
rises	0.021772224917864635
orbits	0.020285481937363656
oceans	0.01909949598884457
orbit	0.018803525054921996
venus	0.01717458935627154
gases	0.01703306664505773

TOPIC 10
yang	0.056188823396923264
galaxy	0.010296784198811743
crust	0.010190884929844551
notices	0.010045897410390001
shah	0.00999210902676695
irrelevant	0.0099284222226733
oceans	0.009843257913565252
orbit	0.009833481170555604
rises	0.009641567646596117
dangerous	0.009326586820901083

TOPIC 11
rarr	0.12022548460381494
para	0.032768532234779615
crust	0.014250941943996826
rises	0.013271806384166437
oceans	0.012210614461722611
orbit	0.011972537748508476
ozone	0.011809432064098109
orbits	0.011538567120284745
dangerous	0.010712684054710488
galaxy	0.010443181349826693

TOPIC 12
nighi	0.21831473636053297
contested	0.020826189128746293
stakes	0.012198152366915911
notices	0.011517840329123657
irrelevant	0.011376541459813583
medaltemplates	0.010324901844384289
movefrom	0.009113554946340998
fuscous	0.008802194662260952
forewings	0.008274844487455864
behalf	0.00826085865640567

TOPIC 13
crust	0.014879385420277077
rises	0.013749983413583884
galaxy	0.013317077784176613
ozone	0.012972347928593144
orbit	0.012815714107647999
oceans	0.012743213337005942
orbits	0.012203364096646322
shah	0.011396010839021732
dangerous	0.011271945881368
leap	0.009937807627406932

TOPIC 14
misterwikitiki	0.31257655542356994
potatoes	0.17998399024260486
notices	0.009352834961764053
irrelevant	0.009312965458800993
medaltemplates	0.008415686314847749
movefrom	0.006986385779478004
behalf	0.006188064276433101
forewings	0.0061692834183478375
syrian	0.006076226500736467
gelechiidae	0.005953213881682996

TOPIC 15
washy	0.2866642588379077
contested	0.03628470218025282
herbert	0.021109456367898613
irrelevant	0.010320940724739226
notices	0.01031716125809854
medaltemplates	0.00922627408712653
behalf	0.008211648299664894
movefrom	0.008003940689664509
fuscous	0.007776010773360676
forewings	0.007488244200951464

TOPIC 16
linestyle	0.04803278113924039
linestring	0.046367475561205775
placemark	0.045141511181652806
ffffcolor	0.045054270973919404
crust	0.022994271002722184
rises	0.019932230181937526
ozone	0.01916958104671607
oceans	0.0171284921087326
orbits	0.016339249724048637
orbit	0.015101496176675654

TOPIC 17
crust	0.014039464333610256
galaxy	0.013819052301101805
syrian	0.013438427709182707
rises	0.012605466193527043
oceans	0.012570025943774602
orbit	0.012538626681668946
contested	0.012033472795717363
orbits	0.011952749899844985
dangerous	0.01127150184955653
ozone	0.010875248062941364

TOPIC 18
ffffcolor	0.015443423713451261
linestyle	0.014538787525588084
placemark	0.01298055608840679
notices	0.012228219675856605
irrelevant	0.012136477036481571
linestring	0.011530734314958768
medaltemplates	0.011191338526909681
fuscous	0.010371508374431085
tech	0.009780912176040477
movefrom	0.009702112986455165

TOPIC 19
turtles	0.2920709764120257
amakurugare	0.10915395707958718
depth	0.01563334408770356
earthquake	0.012001283411247184
notices	0.009956915011012174
irrelevant	0.009841498967497607
medaltemplates	0.008894047683776453
movefrom	0.007700195373761575
forewings	0.006908408768457
fuscous	0.006823777978924245

Terms found in all topics: 
rarr: 1
misterwikitiki: 1
washy: 1
jump: 1
tuesday: 1
bengal: 1
amakurugare: 1
tectonics: 1
gelechiidae: 1
monday: 1
wiktionary: 1
nighi: 1
colder: 1
friday: 1
nigeria: 1
millions: 1
thursday: 1
venus: 1
potatoes: 1
turtles: 1
para: 2
linestyle: 2
timber: 2
ffffcolor: 2
stakes: 2
linestring: 2
facebook: 2
yang: 2
leap: 2
placemark: 2
herbert: 2
mantle: 2
tech: 2
depth: 2
earthquake: 2
gases: 3
shah: 3
syrian: 3
contested: 5
dangerous: 6
forewings: 6
behalf: 8
ozone: 8
orbits: 8
galaxy: 9
fuscous: 9
movefrom: 9
oceans: 9
rises: 10
medaltemplates: 10
crust: 10
orbit: 10
irrelevant: 12
notices: 12
The word 'irrelevant' appeared in 12 topics: adding to data/stop_words.txt.
The word 'notices' appeared in 12 topics: adding to data/stop_words.txt.
[0m[[32msuccess[0m] [0mTotal time: 85 s, completed May 9, 2016 12:45:44 AM[0m
