[0m[[0minfo[0m] [0mLoading project definition from /Users/seeng/school/Spring2016/comp541/wikipedia-project/project[0m
[0m[[0minfo[0m] [0mSet current project to wikipedia-topic-modeling (in build file:/Users/seeng/school/Spring2016/comp541/wikipedia-project/)[0m
[0m[[0minfo[0m] [0mRunning LDAExample --k=20 --stopwordFile=data/stop_words.txt --vocabSize=200 ../wikipedia_data/disk{601,602,603,604,605,606,607,608,609,610,611,612,613,614,615,616,617,618,619,620,621,622,623,624,625,626,627,628,629,630,631,632,633,634,635,636,637,638,639,640,641,642,643,644,645,646,647,648,649,}.txt[0m

Corpus summary:
	 Training set size: 317384 documents
	 Vocabulary size: 200 terms
	 Training set size: 209991 tokens
	 Preprocessing time: 51.197828 sec

Finished training LDA model.  Summary:
	 Training time: 21.80574 sec
	 Training data average log likelihood: -5.791399831881991

20 topics:
TOPIC 0
trafficking	0.10509529957596699
sabha	0.01842787809007136
qualification	0.015662920808302838
albania	0.012077550963034004
penalty	0.009683336858788699
para	0.009298868446932273
assist	0.008061858066424643
legislation	0.007732538929244149
committed	0.007567040254237618
agencies	0.007543047532811853

TOPIC 1
britaly	0.09459554616275129
blofeld	0.0905547059581882
sysop	0.00745956752727825
qualification	0.00708195036305123
print	0.007041045114962598
feed	0.0066358330823571
jonathan	0.006624798547633685
discography	0.006242993817528093
collaboration	0.006085670251647006
larvae	0.00604008102609642

TOPIC 2
coleophora	0.040648686586259246
larvae	0.009024691308318181
para	0.008883020416990623
qualification	0.008870129974699048
feed	0.008725483531637827
sysop	0.008073406393072519
revival	0.008024229289155457
baker	0.007803309620514197
coverage	0.007439789509148471
print	0.0073807955567907575

TOPIC 3
ruigeroeland	0.17407230989006908
coleophora	0.06454616773681905
ambassador	0.01898182610440494
ballet	0.010654025979543631
liga	0.009170768444629123
earthquake	0.007574499222408229
larvae	0.007334731003836372
feed	0.006962848179754615
phoenix	0.006782987728265171
jonathan	0.006093882323682351

TOPIC 4
contribs	0.022242672410949085
yang	0.012850706807111876
afghanistan	0.012038832148043207
sysop	0.009850997000096468
feed	0.008017106959471769
print	0.007781937684856641
coverage	0.007732314060953802
larvae	0.007579596420193266
advertising	0.007557967578962779
partners	0.0074031610542469916

TOPIC 5
awesome	0.5003987521777989
joel	0.16087760942973992
refs	0.003472668249583529
sysop	0.0034645418735508534
feed	0.003218612904908402
larvae	0.003140367112154943
talent	0.002761914155602673
indoor	0.0027397931741400933
sculpture	0.0027338057454350194
collaboration	0.0027250199512008303

TOPIC 6
xezbeth	0.08453912930809339
yang	0.02844984370788509
horses	0.00752728446904515
print	0.007383164438841602
feed	0.007181006921242983
larvae	0.007097563152584122
sculpture	0.006960231087667663
artistic	0.006810912224351265
editions	0.006759487299769008
sysop	0.00668136837477996

TOPIC 7
ballet	0.055008044896482734
earthquake	0.05087929582880377
trafficking	0.00922888196540822
sysop	0.009217952384615632
trading	0.007756827193787855
penalty	0.007546239071624385
cole	0.0074707811290920445
collaboration	0.0072805846789102315
coverage	0.0072053524590352264
americas	0.007045550628154968

TOPIC 8
contribs	0.09854578811285176
rounds	0.019984153401804473
injured	0.012079943389668843
benjamin	0.008415815560022187
fear	0.008101675133643502
coverage	0.007852414754558772
wright	0.007828221027606953
jacob	0.007361296901798725
sysop	0.007043580743333177
fred	0.00695189310807887

TOPIC 9
afghanistan	0.06116619310891656
horses	0.02787219292066318
random	0.010706455131281684
grace	0.008116973658346193
para	0.007943223158073167
responsibility	0.007923959350072975
feed	0.007552155976417648
strategic	0.007461624116946007
coverage	0.007447177549996713
sysop	0.007222520997830228

TOPIC 10
answer	0.06281074341262395
injured	0.04779490673888699
horses	0.026037793705043975
bacteria	0.010269383798860162
responsibility	0.008782987317425989
essential	0.008690330296116332
whilst	0.00842290400708976
sysop	0.00816709753639793
grow	0.007893203272425703
membrane	0.007733095530002003

TOPIC 11
linnaeus	0.1521955648807265
denis	0.15062275296064587
hbner	0.10481005644268136
subdistrict	0.0950664244196236
zeller	0.08498923674092854
schiffermuller	0.07723547552189197
coleophora	0.062266367877833614
qualification	0.003219947226832998
larvae	0.0030250129245754116
feed	0.0028246098139389003

TOPIC 12
truncated	0.1811943042861305
ambassador	0.06460559166384344
wang	0.03093815735354793
yang	0.026899937503288486
albania	0.017664993772376042
qualification	0.013417232580241722
roberts	0.007255985376594585
donald	0.00639803540415367
sysop	0.006322652598474478
sculpture	0.00581240990511911

TOPIC 13
skipped	0.20995915507558663
chzzbot	0.20195191571002258
mins	0.1897730821625275
sandbot	0.15356453396695174
refs	0.003093906179078733
larvae	0.002642308244702603
feed	0.002596493188657144
sysop	0.0024298054360349717
talent	0.0020998012358085937
magazines	0.0020831304439528956

TOPIC 14
sysop	0.009766629144784666
coverage	0.009210597217999349
baker	0.009049314506386453
random	0.009038479635710847
print	0.007677168670855097
technologies	0.007524851457897336
penalty	0.007483617589707441
collaboration	0.007459809629787031
feed	0.0074259813178637404
jonathan	0.007331067024715105

TOPIC 15
viola	0.15492791132921757
violin	0.08761049797052894
editions	0.00985950824414897
ballet	0.00814936614660486
pierre	0.008087697823141947
roberts	0.007786456487071514
arranged	0.006543130451634323
artistic	0.006539459466126403
cole	0.006277501704391588
premiered	0.006224410900379178

TOPIC 16
middot	0.09644995024474733
processed	0.0831395342879623
remainder	0.07948581484853406
phrase	0.07708524958807599
wang	0.03813551699840587
yang	0.013987887656309024
random	0.012571639170803306
grace	0.011418508141411434
cole	0.006882496742560879
architectural	0.0054333945263012155

TOPIC 17
pubdog	0.1218418836063102
rounds	0.03522612525978669
sabha	0.019985746593599297
albania	0.011628612067026785
benjamin	0.011012095919298083
jacob	0.010906701282277064
sarah	0.008556325215243103
grace	0.008371755383760528
fred	0.008130329417394985
wright	0.007908773683941968

TOPIC 18
sandbot	0.20006610198379773
mins	0.16329979054348656
chzzbot	0.14568728583821747
skipped	0.14377766002846776
refs	0.004320922310475572
feed	0.0037974233312373594
larvae	0.0037062249318717275
membrane	0.002992439378453044
talent	0.0029388925486431524
sysop	0.0029260417829301034

TOPIC 19
inhibitor	0.3729660908036871
nonprofit	0.007155130894379693
sculpture	0.005716455458197307
regulation	0.00568745501984183
collaboration	0.005323554039614197
feed	0.005280882520027024
phone	0.005194246186492657
bacteria	0.005118382715511246
coverage	0.004993494112213722
larvae	0.004972998962163937

Terms found in all topics: 
sarah: 1
phoenix: 1
nonprofit: 1
revival: 1
committed: 1
donald: 1
remainder: 1
discography: 1
agencies: 1
essential: 1
xezbeth: 1
liga: 1
linnaeus: 1
subdistrict: 1
denis: 1
awesome: 1
phrase: 1
zeller: 1
joel: 1
truncated: 1
magazines: 1
legislation: 1
viola: 1
technologies: 1
ruigeroeland: 1
strategic: 1
violin: 1
hbner: 1
partners: 1
trading: 1
middot: 1
grow: 1
whilst: 1
processed: 1
pierre: 1
pubdog: 1
premiered: 1
answer: 1
architectural: 1
inhibitor: 1
americas: 1
regulation: 1
indoor: 1
fear: 1
schiffermuller: 1
arranged: 1
assist: 1
phone: 1
britaly: 1
blofeld: 1
advertising: 1
mins: 2
chzzbot: 2
sabha: 2
fred: 2
editions: 2
contribs: 2
baker: 2
trafficking: 2
artistic: 2
wright: 2
roberts: 2
responsibility: 2
skipped: 2
rounds: 2
injured: 2
jacob: 2
sandbot: 2
bacteria: 2
benjamin: 2
ambassador: 2
earthquake: 2
membrane: 2
afghanistan: 2
wang: 2
random: 3
grace: 3
para: 3
ballet: 3
talent: 3
cole: 3
refs: 3
coleophora: 3
horses: 3
albania: 3
penalty: 3
jonathan: 3
yang: 4
sculpture: 4
collaboration: 5
qualification: 5
print: 5
coverage: 7
larvae: 10
feed: 12
sysop: 13
The word 'feed' appeared in 12 topics: adding to data/stop_words.txt.
The word 'sysop' appeared in 13 topics: adding to data/stop_words.txt.
[0m[[32msuccess[0m] [0mTotal time: 78 s, completed May 9, 2016 12:34:30 AM[0m
