[0m[[0minfo[0m] [0mLoading project definition from /Users/seeng/school/Spring2016/comp541/wikipedia-project/project[0m
[0m[[0minfo[0m] [0mSet current project to wikipedia-topic-modeling (in build file:/Users/seeng/school/Spring2016/comp541/wikipedia-project/)[0m
[0m[[0minfo[0m] [0mRunning LDAExample --k=20 --stopwordFile=data/stop_words.txt --vocabSize=200 ../wikipedia_data/disk{901,902,903,904,905,906,907,908,909,910,911,912,913,914,915,916,917,918,919,920,921,922,923,924,925,926,927,928,929,930,931,932,933,934,935,936,937,938,939,940,941,942,943,944,945,946,947,948,949,}.txt[0m

Corpus summary:
	 Training set size: 785192 documents
	 Vocabulary size: 200 terms
	 Training set size: 201864 tokens
	 Preprocessing time: 121.54236 sec

Finished training LDA model.  Summary:
	 Training time: 31.151954 sec
	 Training data average log likelihood: -2.2619310263359775

20 topics:
TOPIC 0
crust	0.049067261963110974
erds	0.03998131352496651
rises	0.038800211009071904
ozone	0.03575799437480505
orbit	0.03534585568279402
oceans	0.03454268666316931
orbits	0.032456355070209636
gases	0.029921538263410662
mantle	0.02917405630463661
tectonics	0.027850542314963082

TOPIC 1
bacon	0.7502344028266047
forewings	0.002809602676140106
contested	0.002782525624393966
eats	0.0027459596933061534
notices	0.002544555093364968
premiered	0.0025399821510422005
bachelor	0.0025188936438022254
notice	0.0025063937386548022
silent	0.002499817205835028
kumar	0.0024731914667534952

TOPIC 2
forewings	0.012779373519395947
bachelor	0.01197352662158681
notice	0.011319437855764954
contested	0.011207342765789304
notices	0.011205418110807082
irrelevant	0.010951278783604556
wingspan	0.010676138053408796
silent	0.010621201913819382
cyclist	0.010565041182262562
premiered	0.010439138032625158

TOPIC 3
referee	0.05272704698319963
timber	0.021365171735986007
concrete	0.014125176324805781
wang	0.013000970733325465
volunteer	0.01203764933533135
brick	0.011380889358962639
punjab	0.010190197496477775
fred	0.009928586716912336
kenya	0.009610226444426002
nigeria	0.009449677975787283

TOPIC 4
morganfreemanlover	0.13039418807402867
mercury	0.009222180635008395
millions	0.008792024280337086
margin	0.008350077833833257
auto	0.008246800371259118
suitable	0.008210532643666835
timber	0.008116872744733071
rocky	0.008075552456639754
dangerous	0.008004059021981444
venus	0.0079662070960748

TOPIC 5
syears	0.10263529798678264
depth	0.07283432123719538
earthquake	0.07156400838648024
yesstack	0.06554207859919807
auto	0.010376807530528033
mercury	0.009618828906136186
venus	0.009218770067125749
galaxy	0.009117824926000242
dangerous	0.008831065945965447
millions	0.008767571082620947

TOPIC 6
atoll	0.10240694412671561
archive	0.04147115132618863
textalign	0.014066788306123843
fontstyle	0.013076811333818451
fontface	0.012721405697565694
toctitle	0.012461763212251667
formatwoff	0.012429764083312485
auto	0.011992571004747056
download	0.011559752395117555
qualification	0.011230321458791265

TOPIC 7
yang	0.12318490976759314
freshman	0.015107823544167344
orbit	0.014290797698418324
wang	0.013293084484269788
venus	0.012989195742460116
galaxy	0.012854121231247026
mercury	0.012634729025180827
dangerous	0.012436489163465687
millions	0.012265458911297137
para	0.011580625553656522

TOPIC 8
crust	0.05217812835668249
rises	0.045005778607334325
ozone	0.04232378113137233
orbits	0.036613244548169555
oceans	0.036423731821116176
mantle	0.03345686857733644
orbit	0.032843132927234314
tectonics	0.032612806258436475
gases	0.032206833654990545
colder	0.031127674118264878

TOPIC 9
archive	0.0149535297355846
brick	0.012292315897664658
percentage	0.011169237660934514
artistic	0.01061144264496903
nigeria	0.01030756624514491
partners	0.010215346738582806
timber	0.01009098694115581
profile	0.00997234783782786
margin	0.009898381760853696
exhibitions	0.00986592618535833

TOPIC 10
breuning	0.09318399054768453
tipb	0.08534478858221989
tite	0.08457674914794257
titb	0.08399823895244807
tipe	0.08367245794526039
saros	0.08329015188316954
temporary	0.07600963692858738
volunteer	0.007352859509653511
dangerous	0.006598212912930365
galaxy	0.006396909599122014

TOPIC 11
pzbl	0.07688332206513501
issn	0.07594379960709223
erds	0.04712931199710242
forewings	0.010426375345530516
kumar	0.0095269796418195
notices	0.009494386449706665
contested	0.00944825415219304
bachelor	0.009116267512272675
premiered	0.009065096777748461
notice	0.009056231241056811

TOPIC 12
download	0.012664231794846471
icon	0.011108406999959566
linestyle	0.010864782358627199
ffffcolor	0.01086044608082201
brick	0.010834454100095295
shah	0.010593803253452804
cinema	0.01044311245936771
kumar	0.010407331825273088
bachelor	0.010232147002808568
artistic	0.00997528774126322

TOPIC 13
breuning	0.05818531139613341
linestring	0.024130244291818707
linestyle	0.018823445393429256
freshman	0.018141222755549823
textalign	0.014812261398226055
auto	0.01354808211676014
timber	0.012914925047668724
ffffcolor	0.012532622458538187
qualification	0.012426390136206169
fontstyle	0.012362164260391184

TOPIC 14
fart	0.9976999488916797
contested	3.4382552910342155E-5
forewings	3.413661691749066E-5
notices	3.39968378214816E-5
irrelevant	3.258823681209907E-5
cyclist	3.101368863950471E-5
silent	3.075697701157805E-5
notice	3.049277344748174E-5
wingspan	2.903654909763175E-5
premiered	2.843871543070305E-5

TOPIC 15
filmography	0.12258812640786236
fred	0.021891753353901238
shah	0.009921114289231836
ahmed	0.009644125495598595
cinema	0.008995968146651856
kumar	0.008807608973584569
brick	0.008731291238794197
timber	0.008363583528024795
sarah	0.008354335796361526
forewings	0.00820204902948698

TOPIC 16
allah	0.34254924895433625
akbad	0.3192899098969452
cuisine	0.08766467084166982
breuning	0.0033393158704346127
forewings	0.0026506309439943113
notice	0.002555647887071243
ahmed	0.0025211539208949037
contested	0.0024932151604640657
bachelor	0.0024801763618262015
silent	0.002461442359279317

TOPIC 17
fart	0.9995268552745745
contested	6.5812918307066705E-6
notices	6.375371309747218E-6
forewings	6.296808216088869E-6
irrelevant	6.178641461986611E-6
cyclist	6.108922333636256E-6
notice	5.777564080015784E-6
silent	5.761252452830296E-6
wingspan	5.6484348416624506E-6
premiered	5.595665686348956E-6

TOPIC 18
jpgordon	0.23674814204978278
shit	0.14650198298894118
eats	0.087301183419289
depth	0.021083128797213774
earthquake	0.009028055563904736
forewings	0.005270375144729992
contested	0.005014241031091565
premiered	0.004939371465975788
brick	0.0048889443536584655
kumar	0.004877480956316234

TOPIC 19
riders	0.028603814107962658
linestring	0.019855611057439135
linestyle	0.014894531596825002
ffffcolor	0.012904053536089083
archives	0.012183770140894369
brick	0.01146290882222886
margin	0.010694611804149002
partners	0.010462795258734505
download	0.009929843376877263
lineffstyleurl	0.009868711425788922

Terms found in all topics: 
sarah: 1
percentage: 1
titb: 1
toctitle: 1
punjab: 1
para: 1
tipb: 1
tipe: 1
archives: 1
icon: 1
referee: 1
temporary: 1
kenya: 1
fontface: 1
yesstack: 1
lineffstyleurl: 1
cuisine: 1
formatwoff: 1
syears: 1
pzbl: 1
atoll: 1
riders: 1
morganfreemanlover: 1
tite: 1
saros: 1
profile: 1
yang: 1
bacon: 1
akbad: 1
allah: 1
concrete: 1
colder: 1
exhibitions: 1
shit: 1
jpgordon: 1
filmography: 1
suitable: 1
issn: 1
rocky: 1
rises: 2
qualification: 2
fred: 2
fart: 2
artistic: 2
gases: 2
tectonics: 2
crust: 2
shah: 2
linestring: 2
partners: 2
cinema: 2
ahmed: 2
mantle: 2
fontstyle: 2
erds: 2
ozone: 2
depth: 2
nigeria: 2
orbits: 2
volunteer: 2
archive: 2
earthquake: 2
textalign: 2
freshman: 2
eats: 2
oceans: 2
wang: 2
margin: 3
irrelevant: 3
linestyle: 3
ffffcolor: 3
wingspan: 3
galaxy: 3
mercury: 3
orbit: 3
cyclist: 3
breuning: 3
millions: 3
venus: 3
download: 3
dangerous: 4
auto: 4
silent: 5
timber: 5
bachelor: 5
notices: 5
kumar: 5
brick: 6
notice: 6
premiered: 6
contested: 7
forewings: 8
[0m[[32msuccess[0m] [0mTotal time: 158 s, completed May 9, 2016 12:44:15 AM[0m
