[0m[[0minfo[0m] [0mLoading project definition from /Users/seeng/school/Spring2016/comp541/wikipedia-project/project[0m
[0m[[0minfo[0m] [0mSet current project to wikipedia-topic-modeling (in build file:/Users/seeng/school/Spring2016/comp541/wikipedia-project/)[0m
[0m[[0minfo[0m] [0mRunning LDAExample --k=20 --stopwordFile=data/stop_words.txt --vocabSize=200 ../wikipedia_data/disk{651,652,653,654,655,656,657,658,659,660,661,662,663,664,665,666,667,668,669,670,671,672,673,674,675,676,677,678,679,680,681,682,683,684,685,686,687,688,689,690,691,692,693,694,695,696,697,698,699,}.txt[0m

Corpus summary:
	 Training set size: 392945 documents
	 Vocabulary size: 200 terms
	 Training set size: 220757 tokens
	 Preprocessing time: 51.294144 sec

Finished training LDA model.  Summary:
	 Training time: 22.25487 sec
	 Training data average log likelihood: -5.226443524099871

20 topics:
TOPIC 0
subdistrict	0.052354276668497526
relegated	0.02761199806378851
wang	0.026245367260589157
jerusalem	0.014595696287147134
suicide	0.011387019036163544
injured	0.01087909416922351
spoken	0.009593970682715534
cook	0.00929960090862648
sustainable	0.00786190586391948
yang	0.007811421289135506

TOPIC 1
detailed	0.013584216806851904
patent	0.008155723055009863
qualification	0.007876843146976424
collaboration	0.007677892104635957
download	0.007440363610046225
talent	0.007434577648657256
solutions	0.007237245917600972
childhood	0.00715925347733371
brick	0.007139190072869673
contested	0.007091975635230315

TOPIC 2
diff	0.39724259370883214
http	0.33227871155491534
discography	0.009704008071586659
sudan	0.0033814114038764665
sarah	0.002418297788715672
wright	0.0024035698106605074
museums	0.002379637761803195
bibliography	0.0023691380522053262
benjamin	0.002364933350919124
rico	0.00221386751431493

TOPIC 3
archive	0.011761499482265002
enterprise	0.008588206363050778
solutions	0.008233922260579028
technologies	0.008227493507704317
partners	0.008185105380899982
premiered	0.00814161123811731
panel	0.00802764716529934
profile	0.007838939573495962
advertising	0.007812979317869517
collaboration	0.007777807143894764

TOPIC 4
johann	0.06901933568104678
wilhelm	0.028803954825220038
otto	0.014133745357600928
depth	0.011944001194169588
jerusalem	0.011925594263261908
qualification	0.01046404109203972
derby	0.010380819465499676
sudan	0.007965725430322403
rico	0.007610624585611222
benjamin	0.007232325533662994

TOPIC 5
stakes	0.0185032719237476
derby	0.011197354249378354
sustainable	0.011069448686608765
adults	0.01101878350710861
ambassador	0.009645872502176482
grown	0.009232803167040535
profile	0.007842831558524778
archives	0.007601572079752465
partners	0.007475533353338668
collaboration	0.0074486826262114125

TOPIC 6
monica	0.7915660524586843
lorestan	0.0019053240886471555
contested	0.0018935935948834917
rico	0.0018564386618861188
divisin	0.0018358872088299625
ambassador	0.001770462039022609
descent	0.0017117313790476008
larvae	0.0016853105332474527
appealing	0.0015870164511079556
qualification	0.00157747291525308

TOPIC 7
muscle	0.3893487079322378
engorged	0.3403209780653733
topics	0.008750399356029125
architectural	0.0032000533015280616
patient	0.0030744165882590564
movements	0.0028476790450891257
contested	0.00239864523487488
talent	0.0022937925920486642
lorestan	0.0022588883092037456
divisin	0.002154123277489272

TOPIC 8
faty	0.5118733218523775
topics	0.044359292403904765
spoken	0.006890377408822324
contested	0.0034990054567665563
archives	0.003480791427698676
collaboration	0.003457673941920175
injured	0.003372386825988387
jerusalem	0.0033713320212222096
download	0.0033580118684707334
artistic	0.003273308457774364

TOPIC 9
troll	0.656941818669521
answer	0.06579148559267188
accept	0.03797217051216739
yang	0.029142598642620903
subdistrict	0.022849544237629922
panel	0.010619649475055035
false	0.005336373465668648
para	0.0027011404485317867
experiment	0.0018214087766235537
patent	0.0017181670389825475

TOPIC 10
diff	0.5505098492134667
http	0.44158618322398835
discography	0.0017953630924500952
panel	2.1661592642931092E-4
sudan	1.5676768169945718E-4
false	1.3815112203458137E-4
benjamin	1.2848685443979423E-4
sarah	9.51335874445656E-5
wright	8.862792830336167E-5
museums	8.44265839376918E-5

TOPIC 11
animated	0.05121253500699138
johann	0.05086822675008435
wilhelm	0.03399960998090325
otto	0.014100250760481024
rico	0.009091152698464729
syears	0.008614485845292796
spoken	0.008118825837462948
archives	0.008089471194916969
qualification	0.007786454046233967
download	0.007166266558367708

TOPIC 12
derby	0.010980936914417372
lagged	0.009689660718123789
contested	0.007694622579859565
collaboration	0.0073605843295814705
divisin	0.007270851190044364
talent	0.007081492551760836
descent	0.007064222990988945
qualification	0.007055817500688902
liga	0.007015732418204538
lorestan	0.00700594437416592

TOPIC 13
linnaeus	0.16933480248262525
denis	0.15502126544087932
hbner	0.12075546698411248
zeller	0.10138596487661997
boobies	0.09429564404415425
syears	0.08028032414830637
schiffermuller	0.07396364021918826
answer	0.003914770010733992
accept	0.0036905883802060752
derby	0.0020463131720553007

TOPIC 14
albertaredirect	0.08926925639644352
albertanowiki	0.08926923337673351
detailed	0.05534482362698175
wang	0.024408655468802547
panel	0.013650344654223328
relegated	0.010351984764776629
false	0.010313905925239716
rico	0.006186973993387166
schedule	0.005738709104308555
solutions	0.0056767444597528695

TOPIC 15
diff	0.07709318170422319
http	0.059279666711970436
discography	0.014881212637207817
bibliography	0.007528163727415309
divisin	0.006991201955663691
download	0.006983287714025688
sarah	0.006705682199910101
contested	0.0064846441479888646
derby	0.006376557260500561
partners	0.006199723173561384

TOPIC 16
diff	0.3538988569346325
http	0.2717400085739883
vampire	0.07842264920063181
stakes	0.019949445393089127
adults	0.014832627560428972
grown	0.014713552015232846
discography	0.009647296169214508
derby	0.0024356748683818804
sudan	0.0023821502009241046
museums	0.0023187273788326805

TOPIC 17
middot	0.09922191338722458
diff	0.03850501233097839
http	0.030565446386148408
discography	0.00967282907806066
innovation	0.008834694674591819
topics	0.00843560796049486
cook	0.008427708007338372
animated	0.006843188849724763
archive	0.006778549815036859
suicide	0.006515353656096754

TOPIC 18
yang	0.07695772923920405
para	0.01516095929369429
depth	0.009508246968267683
ambassador	0.009015648789309045
schedule	0.008170360520949289
collaboration	0.007328788569717328
partners	0.007200103024270823
solutions	0.007044644290670132
rico	0.006978634441702288
contested	0.0066950413298007974

TOPIC 19
lagged	0.19772217032067246
spoken	0.013087235156832902
ambassador	0.010325182881476361
para	0.008647517746172397
archives	0.007469977325285574
relationships	0.00738207935045034
derby	0.007252441546095469
partners	0.006542206488826584
patent	0.006366525805583923
childhood	0.006157163894996176

Terms found in all topics: 
movements: 1
boobies: 1
enterprise: 1
liga: 1
linnaeus: 1
denis: 1
artistic: 1
brick: 1
zeller: 1
appealing: 1
monica: 1
larvae: 1
technologies: 1
relationships: 1
engorged: 1
hbner: 1
vampire: 1
middot: 1
innovation: 1
troll: 1
premiered: 1
architectural: 1
faty: 1
albertaredirect: 1
muscle: 1
schiffermuller: 1
albertanowiki: 1
patient: 1
experiment: 1
advertising: 1
otto: 2
cook: 2
accept: 2
wilhelm: 2
animated: 2
suicide: 2
subdistrict: 2
wright: 2
lagged: 2
childhood: 2
stakes: 2
syears: 2
injured: 2
profile: 2
sustainable: 2
grown: 2
schedule: 2
adults: 2
answer: 2
depth: 2
detailed: 2
descent: 2
johann: 2
bibliography: 2
archive: 2
relegated: 2
wang: 2
sarah: 3
false: 3
topics: 3
para: 3
lorestan: 3
talent: 3
jerusalem: 3
yang: 3
museums: 3
benjamin: 3
patent: 3
panel: 4
solutions: 4
spoken: 4
archives: 4
divisin: 4
sudan: 4
ambassador: 4
download: 4
discography: 5
qualification: 5
partners: 5
diff: 5
http: 5
collaboration: 6
rico: 6
contested: 7
derby: 7
[0m[[32msuccess[0m] [0mTotal time: 78 s, completed May 9, 2016 12:35:52 AM[0m
