[0m[[0minfo[0m] [0mLoading project definition from /Users/seeng/school/Spring2016/comp541/wikipedia-project/project[0m
[0m[[0minfo[0m] [0mSet current project to wikipedia-topic-modeling (in build file:/Users/seeng/school/Spring2016/comp541/wikipedia-project/)[0m
[0m[[0minfo[0m] [0mRunning LDAExample --k=20 --stopwordFile=data/stop_words.txt --vocabSize=200 ../wikipedia_data/disk{401,402,403,404,405,406,407,408,409,410,411,412,413,414,415,416,417,418,419,420,421,422,423,424,425,426,427,428,429,430,431,432,433,434,435,436,437,438,439,440,441,442,443,444,445,446,447,448,449,}.txt[0m

Corpus summary:
	 Training set size: 306850 documents
	 Vocabulary size: 200 terms
	 Training set size: 208625 tokens
	 Preprocessing time: 53.00984 sec

Finished training LDA model.  Summary:
	 Training time: 22.316548 sec
	 Training data average log likelihood: -6.081084952391752

20 topics:
TOPIC 0
kotbot	0.5311589841533723
anybot	0.08793103083007592
icecreamantisocial	0.0738746241847795
wright	0.004045781487539223
polandreferencescategory	0.003606138120907052
lubusz	0.003381256814234287
usage	0.0033051460157212933
expelled	0.0032270056051945666
archive	0.0032251099797607208
contribute	0.0030260994184264692

TOPIC 1
blofeld	0.310003261146698
matched	0.038556978476967874
pointstotal	0.021388506051812955
reconnaissance	0.01276743587874127
scotia	0.009678865646196966
airfield	0.009437831628906023
hawaii	0.009292732714531314
thailand	0.009225910420648523
icecreamantisocial	0.008223465263438782
wright	0.00699968280349223

TOPIC 2
matched	0.1965124287361127
middot	0.07654918297834853
mathes	0.06774697721833824
inhibited	0.06759142662186511
pointstotal	0.05998878406371572
obama	0.006389871391128708
nevada	0.005829486604342814
horses	0.0058216515464289045
scotia	0.004734488071077167
expelled	0.004670922745189962

TOPIC 3
obama	0.051463606410150464
patent	0.012478777742686546
baker	0.01224384461282091
judges	0.00944918977025618
manuscript	0.0091198808812108
archive	0.00829141608657519
eagle	0.00827369096736336
nevada	0.008123555747488779
dated	0.007584770064707623
commerce	0.007478969641231385

TOPIC 4
cinema	0.060494353772655066
milk	0.028597107319778863
cincinnati	0.02040382305177562
tech	0.01955521008618404
mitchell	0.012876579307792927
manuscript	0.011816546758779828
rocks	0.01133888602074385
jerusalem	0.011030338907463922
scotia	0.010587699691065976
enterprise	0.008793374912819467

TOPIC 5
bombardment	0.07451734305197442
airfield	0.02354164766742228
reconnaissance	0.021401437495180604
strategic	0.012818159491212299
suicide	0.011253320665619938
jerusalem	0.009885870453449177
manuscript	0.008496927143401084
archive	0.008313571606616891
operational	0.007673672071916576
buffalo	0.007552888233818636

TOPIC 6
horses	0.04714873324428575
nrhp	0.025277000150713
mitchell	0.01655913722924222
scotia	0.010210246172457308
manuscript	0.009134332366494921
testament	0.00806979869073339
enterprise	0.007784531708175832
wright	0.007696837609353148
dated	0.007415433749511783
judges	0.007295048958710811

TOPIC 7
asteroidslist	0.10316831006356199
abyssal	0.09196246272328841
viola	0.08675511876887286
violin	0.06415516304406357
wright	0.008230544873667166
cincinnati	0.008174575229423761
buffalo	0.007931795148904307
manuscript	0.006017043471114717
ambassador	0.005837264222594837
eagle	0.005834087198563845

TOPIC 8
kotbot	0.2589418968177168
lugnuts	0.0894600005327163
hole	0.06135342250054411
outline	0.03102958122834901
pierre	0.007162211983735623
eagle	0.007046266103671398
herbert	0.006030475744914092
jonathan	0.005276899154003684
carter	0.005238698339090241
fred	0.005019554208496153

TOPIC 9
archive	0.010315995900361776
bachelor	0.01028730254071471
expelled	0.010070268484650776
polandreferencescategory	0.009988387020091907
scotia	0.009975347896937969
contribute	0.009494929669931002
hawaii	0.00919723408730397
prussia	0.009115634933711194
tagged	0.008549811972729315
populace	0.00844625294478315

TOPIC 10
nong	0.41676147639440236
flourishning	0.4146995417462217
polandreferencescategory	0.002188325552299056
expelled	0.0020276358276609097
prussia	0.0018226719407348684
pcupdate	0.001821486115500887
archive	0.0018213271073787023
contribute	0.0018182221031963872
populace	0.0017450847969986
tagged	0.0017204172138701407

TOPIC 11
geregen	0.08911326320629284
mario	0.03378785582324922
suicide	0.010808181373845335
benjamin	0.007795549419599671
herbert	0.007650444196432174
thailand	0.007377844014921359
manuscript	0.007193509617362056
expelled	0.007182422542991984
jonathan	0.007161605381346596
fred	0.007122760834262562

TOPIC 12
domaw	0.10698955345170233
scotia	0.015828491985691348
jerusalem	0.011593104317027595
bombardment	0.011235796478502633
airfield	0.010220576986288563
strategic	0.008584557274054874
pierre	0.008227781593219559
manuscript	0.008088727080861453
testament	0.007395655844676839
fred	0.007259183468228498

TOPIC 13
missions	0.09025452352646977
lubusz	0.08344265218633876
diplomatic	0.07266506066681656
opole	0.07179671132447121
outline	0.053449884735256636
enforcement	0.04158864701798048
obama	0.007206279475550345
archive	0.005612847877429843
embassy	0.005583223868212114
ambassador	0.005526311822661168

TOPIC 14
presentday	0.11796818706740392
albertherring	0.099092848560729
yang	0.06806046374853808
ballet	0.051636820272399624
rico	0.02408451059644516
pierre	0.011444977951933099
bernard	0.009159087589192287
reconnaissance	0.006974217513966006
volunteer	0.0067810123515120455
virgin	0.006190198704914256

TOPIC 15
bridges	0.05557277194306312
mario	0.02280064069844563
nevada	0.017693091696930403
enforcement	0.015574390032964184
scotia	0.01248882261985676
bachelor	0.009751377987756894
hindu	0.008859672217875411
manuscript	0.008502683944641057
thailand	0.008403916392322752
ambassador	0.0074262113862713095

TOPIC 16
inhibited	0.032457359095488435
mathes	0.030338257549860907
horses	0.01981608561231743
obama	0.01381644668910824
bachelor	0.0088476295550131
judges	0.00871614694264377
expelled	0.008088243971830054
manuscript	0.007677336276570362
jerusalem	0.007611481705440388
contribute	0.0073374638851732244

TOPIC 17
hindu	0.013205324922106557
hawaii	0.01276434694875546
manuscript	0.011268932259834942
yang	0.01105685217864484
reconnaissance	0.010356546136720681
jerusalem	0.009231942109723385
testament	0.008783288965991815
strategic	0.008292414792273958
expelled	0.008053026649588233
judges	0.008023240242180077

TOPIC 18
matched	0.03899699939854735
suicide	0.03653667060253002
rico	0.026439281599031386
pointstotal	0.018243809145272422
nevada	0.013916417173876927
hawaii	0.010998502213216417
manuscript	0.008573873301499274
judges	0.007673657253412624
coverage	0.007089018796536538
expelled	0.0070091347347885835

TOPIC 19
bull	0.848340835807707
tinucherian	0.07139983393191439
polandreferencescategory	0.0011446919295469635
expelled	9.772804754324892E-4
hindu	9.68140871030126E-4
pcupdate	8.880282259395439E-4
prussia	8.683638313010442E-4
contribute	8.674701348907325E-4
archive	8.589117395384386E-4
populace	8.379917589765544E-4

Terms found in all topics: 
abyssal: 1
flourishning: 1
nrhp: 1
bernard: 1
geregen: 1
presentday: 1
domaw: 1
usage: 1
ballet: 1
milk: 1
baker: 1
diplomatic: 1
nong: 1
commerce: 1
operational: 1
bridges: 1
anybot: 1
coverage: 1
virgin: 1
albertherring: 1
viola: 1
asteroidslist: 1
embassy: 1
opole: 1
violin: 1
tinucherian: 1
middot: 1
cinema: 1
rocks: 1
tech: 1
benjamin: 1
lugnuts: 1
missions: 1
hole: 1
carter: 1
volunteer: 1
patent: 1
bull: 1
blofeld: 1
mario: 2
icecreamantisocial: 2
outline: 2
mitchell: 2
enterprise: 2
lubusz: 2
kotbot: 2
enforcement: 2
tagged: 2
inhibited: 2
mathes: 2
yang: 2
pcupdate: 2
bombardment: 2
herbert: 2
rico: 2
dated: 2
jonathan: 2
buffalo: 2
cincinnati: 2
populace: 3
fred: 3
bachelor: 3
suicide: 3
matched: 3
testament: 3
pointstotal: 3
airfield: 3
prussia: 3
strategic: 3
pierre: 3
horses: 3
thailand: 3
eagle: 3
hindu: 3
ambassador: 3
reconnaissance: 4
nevada: 4
wright: 4
obama: 4
polandreferencescategory: 4
hawaii: 4
jerusalem: 5
contribute: 5
judges: 5
archive: 7
scotia: 7
expelled: 9
manuscript: 11
The word 'manuscript' appeared in 11 topics: adding to data/stop_words.txt.
[0m[[32msuccess[0m] [0mTotal time: 80 s, completed May 9, 2016 12:28:54 AM[0m
