[0m[[0minfo[0m] [0mLoading project definition from /Users/seeng/school/Spring2016/comp541/wikipedia-project/project[0m
[0m[[0minfo[0m] [0mSet current project to wikipedia-topic-modeling (in build file:/Users/seeng/school/Spring2016/comp541/wikipedia-project/)[0m
[0m[[0minfo[0m] [0mRunning LDAExample --k=20 --stopwordFile=data/stop_words.txt --vocabSize=200 ../wikipedia_data/disk{201,202,203,204,205,206,207,208,209,210,211,212,213,214,215,216,217,218,219,220,221,222,223,224,225,226,227,228,229,230,231,232,233,234,235,236,237,238,239,240,241,242,243,244,245,246,247,248,249,}.txt[0m

Corpus summary:
	 Training set size: 455480 documents
	 Vocabulary size: 200 terms
	 Training set size: 377979 tokens
	 Preprocessing time: 83.611852 sec

Finished training LDA model.  Summary:
	 Training time: 28.000296 sec
	 Training data average log likelihood: -7.072787909573574

20 topics:
TOPIC 0
eagle	0.010308889722690893
violin	0.008700008062832191
phone	0.008428945928105705
bomb	0.00836696094709964
terry	0.008164430227261365
sarah	0.00804211686017918
rogers	0.008028966102954487
adapted	0.007713651165974231
fred	0.007699733600203422
snow	0.00765758568744127

TOPIC 1
relating	0.014542524895360093
crash	0.014481062029421272
horses	0.012992045257370386
eagle	0.00854531352406345
editions	0.007659047285590969
terry	0.007436496173240896
snow	0.007237101323940764
adapted	0.007029641715743585
comments	0.006999104252976344
reverted	0.006935004168998875

TOPIC 2
yang	0.06871124957290223
adelaide	0.021266707002709915
amendment	0.020994529957210368
eagles	0.015011516246360976
regulations	0.0147423675143968
charges	0.011178815719871298
eagle	0.008655310983435062
legislation	0.008375416046817439
temporary	0.007701269904572321
sarah	0.0075027996516386095

TOPIC 3
hosko	0.7369017099587175
sheriffs	0.08666506561945742
agencies	0.021533868127126793
reverted	0.001677136920837611
comments	0.0014809442743026417
maybe	0.001460745889936943
argentine	0.001443646736322791
infobox	0.0013638532702570166
pretty	0.0013386024449293273
citation	0.001294085237953666

TOPIC 4
argentine	0.009675444447242072
reverted	0.008130566805348346
comments	0.007980759447036976
eagle	0.007665990245294528
maybe	0.007503595783126822
sounds	0.007147424991425827
adapted	0.00709950028455654
citation	0.006991542636207072
pretty	0.00689944924189191
acoustic	0.006895734746240802

TOPIC 5
matched	0.6520754995944859
pointstotal	0.21216428962808373
gang	0.002034156758647134
reverted	0.001293615576884789
comments	0.0012272255918523217
argentine	0.0011598178266508448
maybe	0.0011470526640339962
citation	0.0010754793427019233
pretty	0.0010577401780032744
infobox	0.0010489041592652818

TOPIC 6
plugin	0.2550212402997708
skipped	0.18637605253493764
kingbotkp	0.14267012062626797
sigelhobit	0.10943289933901625
classstub	0.08407677115575718
autoyesplugin	0.06996485380871116
classstubalbums	0.06562487418589255
stopped	0.0019210769969972385
maybe	0.0012286029729106536
reverted	8.585499953118068E-4

TOPIC 7
reverted	0.008038352499963167
comments	0.007978019056179111
maybe	0.00782021787302902
bernard	0.007797653583420511
missions	0.007583012539246286
filmed	0.007558498640113093
buffalo	0.007412087003762153
broadway	0.007227546280298342
creator	0.007103757357143731
print	0.006976329595939894

TOPIC 8
autoyesbiography	0.08150040328112314
cole	0.06370028326548816
phone	0.04060436239339109
terry	0.007620217470382972
fred	0.007392025471353385
eagle	0.0067785587649503735
ambassador	0.006738053876497349
snow	0.006504022750711276
bomb	0.00646312220647098
strategic	0.006402812332547704

TOPIC 9
horses	0.012658572481927088
relating	0.012350157317977785
turner	0.007960696947098451
broadway	0.007887988241654447
barry	0.007821490408965268
comments	0.007669141122336838
reverted	0.00760023574106573
maybe	0.0072015985282363635
eagle	0.007183690038736606
acoustic	0.007124602623482278

TOPIC 10
addedbiography	0.2178333529567282
wpbiography	0.21167198031769344
livingyesbiography	0.14220866768872226
injured	0.10226804176417792
homeless	0.06371351826969858
relating	0.015490412238404657
horses	0.014979833910529834
crash	0.013597699688020354
adelaide	0.004292233984234057
maybe	0.002167037143587271

TOPIC 11
toastbutter	0.35269193497044654
armenian	0.02350019246057712
livingyesbiography	0.010255214980363442
reverted	0.005413955152436206
comments	0.005294750214335211
maybe	0.005281204565740529
addedbiography	0.005269830743250656
argentine	0.004790712508663386
infobox	0.004753532284266338
broadway	0.00471133383593822

TOPIC 12
monkey	0.14235456792116286
middot	0.10361702316999634
barry	0.008915209246561888
cinema	0.007803668199090359
missions	0.0076882606178197595
fred	0.006420359642591087
strategic	0.0058425149303114945
comments	0.005811380763616975
reverted	0.0057783260292347234
terry	0.005770504223179244

TOPIC 13
danny	0.06875459074810311
adelaide	0.018697208084033426
barry	0.00948423370077819
filmed	0.008398283020482776
eagles	0.008015187073721357
fred	0.007980492524203506
keith	0.007365243045611394
sarah	0.007243709309378425
eagle	0.007138704048545368
broadway	0.006965953329682161

TOPIC 14
horses	0.03073970465010069
relating	0.010753458830063909
eagle	0.008755162078560055
ferry	0.008739085664921167
bomb	0.008730674829961147
eagles	0.008547451465705833
buffalo	0.00835007020641072
afghanistan	0.00834876439865025
broadway	0.007449555185855011
pupils	0.007396362665125675

TOPIC 15
snow	0.009439160938315956
reverted	0.008263946072739963
comments	0.008121664587565814
maybe	0.007690700465795109
broadway	0.007617664748830518
strategic	0.0071287980497791465
print	0.007099530690793478
pretty	0.007086040081815427
eagle	0.0070493851292340514
archive	0.00698146077725277

TOPIC 16
userreport	0.18445054253069842
armenian	0.01599815423466834
reverted	0.006681878564604984
comments	0.006649146906239866
maybe	0.006152050268814104
eagle	0.005914299956512135
sandbox	0.005854775747295708
pretty	0.005770014440485501
print	0.0056610687669460735
broadway	0.005637510907963711

TOPIC 17
armenian	0.016489481814782155
buffalo	0.00940010621064156
strategic	0.009108536278895598
ambassador	0.008949598172013578
broadway	0.007440189950299656
bernard	0.007300525068699133
responsibility	0.0072266765254186795
comments	0.007101777727552697
returns	0.007051282477978844
barry	0.006997071242391543

TOPIC 18
soxknockout	0.3023382099586019
regulations	0.11298286185630857
amendment	0.07768160239192612
charges	0.0098139390216385
relating	0.007133022397566577
userreport	0.006396208628974506
temporary	0.005426518248916622
horses	0.005100210140630701
legislation	0.004645966401410468
comments	0.00408741078801444

TOPIC 19
desu	0.5258394786194895
reverted	0.004574711020824349
comments	0.004374292217280918
maybe	0.004064164633289472
snow	0.004004046868904843
argentine	0.0039607073592650074
broadway	0.0038202175594934137
citation	0.003745944397283449
pretty	0.0037326465466433205
infobox	0.0037272714403759383

Terms found in all topics: 
plugin: 1
keith: 1
sounds: 1
autoyesbiography: 1
wpbiography: 1
autoyesplugin: 1
gang: 1
toastbutter: 1
agencies: 1
editions: 1
kingbotkp: 1
turner: 1
sigelhobit: 1
desu: 1
responsibility: 1
matched: 1
classstubalbums: 1
soxknockout: 1
skipped: 1
cole: 1
pointstotal: 1
monkey: 1
creator: 1
pupils: 1
rogers: 1
violin: 1
injured: 1
ferry: 1
yang: 1
middot: 1
cinema: 1
returns: 1
homeless: 1
hosko: 1
sandbox: 1
stopped: 1
sheriffs: 1
danny: 1
classstub: 1
archive: 1
afghanistan: 1
bernard: 2
regulations: 2
userreport: 2
livingyesbiography: 2
crash: 2
temporary: 2
amendment: 2
legislation: 2
charges: 2
filmed: 2
addedbiography: 2
acoustic: 2
missions: 2
ambassador: 2
phone: 2
sarah: 3
print: 3
adelaide: 3
eagles: 3
adapted: 3
armenian: 3
buffalo: 3
bomb: 3
fred: 4
terry: 4
infobox: 4
citation: 4
strategic: 4
barry: 4
snow: 5
argentine: 5
horses: 5
relating: 5
pretty: 6
broadway: 9
eagle: 10
maybe: 11
reverted: 12
comments: 13
The word 'maybe' appeared in 11 topics: adding to data/stop_words.txt.
The word 'reverted' appeared in 12 topics: adding to data/stop_words.txt.
The word 'comments' appeared in 13 topics: adding to data/stop_words.txt.
[0m[[32msuccess[0m] [0mTotal time: 117 s, completed May 9, 2016 12:22:39 AM[0m
