[0m[[0minfo[0m] [0mLoading project definition from /Users/seeng/school/Spring2016/comp541/wikipedia-project/project[0m
[0m[[0minfo[0m] [0mSet current project to wikipedia-topic-modeling (in build file:/Users/seeng/school/Spring2016/comp541/wikipedia-project/)[0m
[0m[[0minfo[0m] [0mRunning LDAExample --k=20 --stopwordFile=data/stop_words.txt --vocabSize=200 ../wikipedia_data/disk{301,302,303,304,305,306,307,308,309,310,311,312,313,314,315,316,317,318,319,320,321,322,323,324,325,326,327,328,329,330,331,332,333,334,335,336,337,338,339,340,341,342,343,344,345,346,347,348,349,}.txt[0m

Corpus summary:
	 Training set size: 349145 documents
	 Vocabulary size: 200 terms
	 Training set size: 231033 tokens
	 Preprocessing time: 56.962773 sec

Finished training LDA model.  Summary:
	 Training time: 23.67115 sec
	 Training data average log likelihood: -6.057289758760284

20 topics:
TOPIC 0
matched	0.07818672284292612
observatory	0.035590018796981863
sandbox	0.012675179861798716
departmentreferencescategory	0.012208698859745046
systematic	0.00994529354285498
naional	0.00937871884354419
rurile	0.009306865171051601
hidrologie	0.009302164850770421
romne	0.009299692157521942
romniei	0.009228264149839084

TOPIC 1
maki	0.36955325981799225
lurk	0.2686860976089736
afil	0.09675925814532324
topics	0.004598969093537926
departmentreferencescategory	0.004152965517952999
sandbox	0.00413454451142161
systematic	0.0030324790611336084
bordered	0.0026432382795029533
interactions	0.002617462343144791
naional	0.0025910738166778453

TOPIC 2
cyclocross	0.08296041011816511
elite	0.07927190910450689
herbert	0.04458327735795963
hugh	0.04328854872074342
harold	0.03988406035109337
observatory	0.03443466000968851
rico	0.025272003741947404
giovanni	0.017817975980715064
geography	0.015693539926772023
pierre	0.011086586144319432

TOPIC 3
bowie	0.9998363639886124
departmentreferencescategory	2.972532142839964E-6
sandbox	2.463769267100024E-6
bordered	2.0043247247312494E-6
disagree	1.9373239593156293E-6
systematic	1.767996038649118E-6
interactions	1.663076269850119E-6
\rightleftharpoonsmath	1.6422014324179913E-6
enzymology	1.6196382632298883E-6
substrates	1.5580269888725136E-6

TOPIC 4
territor	0.15648171487466084
harold	0.015295886439188413
hugh	0.013731651955794422
episcopal	0.01147995384073853
herbert	0.009663391831196085
temporary	0.009250721528758554
sandbox	0.008943064732630034
enforcement	0.008585285251901248
departmentreferencescategory	0.008284829612440803
romniei	0.007921246293418921

TOPIC 5
sandbox	0.01644942458768585
departmentreferencescategory	0.015787236625788393
systematic	0.01288117953960061
rurile	0.01042778083447979
naional	0.01041208520824443
cadastrul	0.010241796188512746
romniei	0.010221777942864224
institutul	0.010212510991675165
interactions	0.010186565794104473
romne	0.010156516882254796

TOPIC 6
skipped	0.2808103964827823
plugin	0.14950424787947775
kingbotk	0.12494219017268823
sandbox	0.005976972227397657
departmentreferencescategory	0.005924485935658608
false	0.004761466715712435
systematic	0.004538432019670713
ranking	0.00427287640199748
interactions	0.003930143732037105
naional	0.003862869882944202

TOPIC 7
proteinboxbot	0.4523865338416448
kotbot	0.12330778666073151
sentences	0.08017425587350507
revision	0.07797955907693446
kinase	0.015096075727622844
vandalism	0.010782433138055136
developers	0.01075781783925158
topics	0.005571270204644205
geography	0.0037747790803636123
false	0.0033600943580226073

TOPIC 8
bytes	0.09947808374121628
virgin	0.04151940022879842
giovanni	0.016589816963111133
thailand	0.011047349242271614
citations	0.00927436212873223
sandbox	0.00897783592205793
alpha	0.008813402263747577
missions	0.00833892620889596
departmentreferencescategory	0.00796978373260424
tigers	0.007847277042443156

TOPIC 9
archive	0.035613086652520366
nevada	0.023133922238980024
palestine	0.02196286825815745
episcopal	0.012866252245442564
sandbox	0.009258838089994354
romne	0.00879519219735903
administraia	0.00879029930027944
naional	0.008748354775089283
romniei	0.00866203466897457
meteorologie	0.00865422538768468

TOPIC 10
spectre	0.3023623377161338
blofeld	0.300099801816486
albertherring	0.090116018001488
topics	0.006373389750433013
departmentreferencescategory	0.005685443319875313
sandbox	0.005458128424166628
systematic	0.00391136914673325
bordered	0.003506902376010001
disagree	0.003288798676719317
interactions	0.0032452372373788156

TOPIC 11
albertherring	0.06971785759522775
grace	0.041370050642213226
craig	0.03371309333298955
cook	0.03202662314512282
jonathan	0.024113720154103797
donald	0.0196095078297772
eddie	0.019009851703068396
kinase	0.01344487299044212
harold	0.012081587913244906
collins	0.011944009260650874

TOPIC 12
tech	0.08744405087085591
updating	0.03843686853809648
citations	0.032193647211546945
donald	0.018034416367334764
tigers	0.012865586940225807
geography	0.012709011874081147
upload	0.012618004778832142
acceptable	0.01218697020882452
locate	0.011628165969437927
episcopal	0.011004267235500631

TOPIC 13
middot	0.18306680537642875
museums	0.0969083119204676
stubclass	0.08657308199186146
reassessed	0.08447668067542966
locate	0.03791515680274158
acceptable	0.03699226266995214
ltref	0.03626808199834425
ambiguity	0.03466362543299525
upload	0.02125851594199167
quot	0.01689169303963872

TOPIC 14
vincent	0.05652576739805897
guards	0.04840957533654059
cellspacing	0.021829285791109064
pierre	0.019158659485374777
raymond	0.014433963638866596
ralph	0.013616259136872831
phil	0.012615281661994332
charlie	0.012360222913267566
wright	0.01030104108450868
collins	0.0099208205066891

TOPIC 15
userreport	0.34719824313592895
agrilus	0.12644326303111672
citations	0.006391282142433941
archive	0.006368271518791226
phil	0.005646719320148715
sandbox	0.005576607551270445
departmentreferencescategory	0.00549580332873413
alpha	0.005164846188083419
tigers	0.0050386695425809905
upload	0.004840668917165907

TOPIC 16
flora	0.08425143904858218
keith	0.046070969984487904
false	0.01075673862241942
sandbox	0.009498367067653104
departmentreferencescategory	0.008694146890255237
naional	0.008469230589298753
romniei	0.00834629364538485
cadastrul	0.008287797131777705
administraia	0.008218178038752006
romne	0.00820810035457074

TOPIC 17
funky	0.40879045057634966
lunky	0.406514122172389
dollarsunited	0.09194155024958735
departmentreferencescategory	0.0017175545360565575
sandbox	0.0016330138932673305
systematic	0.0011118966919186411
bordered	0.0010515162885858765
vandalism	0.0010215030670959382
interactions	0.0010038303861840561
disagree	9.965168631860424E-4

TOPIC 18
thailand	0.026850389248974225
jonathan	0.02440702501206198
ballet	0.020620331333241794
temporary	0.013651631639703342
jose	0.013355738861312767
nicholas	0.011879393267939091
tigers	0.011384543433508499
lions	0.011367760444855787
jacques	0.010955547065764279
attendance	0.010088312570165714

TOPIC 19
developers	0.08131692942638043
ltref	0.05856473584841984
quot	0.05130749141752151
acceptable	0.04696175230006299
locate	0.044358781219368724
ambiguity	0.044353288262969144
reed	0.034331661887059314
updating	0.025406324575178073
geography	0.02431437362248247
palestine	0.024062746963798426

Terms found in all topics: 
plugin: 1
ranking: 1
keith: 1
sentences: 1
afil: 1
grace: 1
cook: 1
cyclocross: 1
maki: 1
userreport: 1
elite: 1
jacques: 1
funky: 1
kotbot: 1
ballet: 1
enforcement: 1
spectre: 1
nevada: 1
wright: 1
meteorologie: 1
craig: 1
raymond: 1
bowie: 1
matched: 1
skipped: 1
charlie: 1
flora: 1
\rightleftharpoonsmath: 1
virgin: 1
vincent: 1
lions: 1
territor: 1
dollarsunited: 1
nicholas: 1
eddie: 1
revision: 1
ralph: 1
bytes: 1
lurk: 1
middot: 1
stubclass: 1
institutul: 1
jose: 1
cellspacing: 1
museums: 1
guards: 1
substrates: 1
lunky: 1
tech: 1
enzymology: 1
rico: 1
hidrologie: 1
reassessed: 1
kingbotk: 1
missions: 1
attendance: 1
agrilus: 1
proteinboxbot: 1
reed: 1
blofeld: 1
alpha: 2
observatory: 2
donald: 2
hugh: 2
giovanni: 2
temporary: 2
vandalism: 2
cadastrul: 2
albertherring: 2
collins: 2
herbert: 2
kinase: 2
rurile: 2
pierre: 2
phil: 2
ltref: 2
thailand: 2
ambiguity: 2
developers: 2
quot: 2
jonathan: 2
updating: 2
archive: 2
administraia: 2
palestine: 2
false: 3
topics: 3
harold: 3
episcopal: 3
acceptable: 3
upload: 3
disagree: 3
citations: 3
locate: 3
bordered: 4
tigers: 4
geography: 4
romne: 4
romniei: 5
naional: 6
interactions: 6
systematic: 7
departmentreferencescategory: 11
sandbox: 12
The word 'departmentreferencescategory' appeared in 11 topics: adding to data/stop_words.txt.
The word 'sandbox' appeared in 12 topics: adding to data/stop_words.txt.
[0m[[32msuccess[0m] [0mTotal time: 86 s, completed May 9, 2016 12:26:02 AM[0m
