[0m[[0minfo[0m] [0mLoading project definition from /Users/seeng/school/Spring2016/comp541/wikipedia-project/project[0m
[0m[[0minfo[0m] [0mSet current project to wikipedia-topic-modeling (in build file:/Users/seeng/school/Spring2016/comp541/wikipedia-project/)[0m
[0m[[0minfo[0m] [0mRunning LDAExample --k=20 --stopwordFile=data/stop_words.txt --vocabSize=200 ../wikipedia_data/disk{451,452,453,454,455,456,457,458,459,460,461,462,463,464,465,466,467,468,469,470,471,472,473,474,475,476,477,478,479,480,481,482,483,484,485,486,487,488,489,490,491,492,493,494,495,496,497,498,499,}.txt[0m

Corpus summary:
	 Training set size: 348080 documents
	 Vocabulary size: 200 terms
	 Training set size: 225048 tokens
	 Preprocessing time: 59.653468 sec

Finished training LDA model.  Summary:
	 Training time: 24.054569 sec
	 Training data average log likelihood: -6.370202917997194

20 topics:
TOPIC 0
geregen	0.1305562964916304
mario	0.0716136061287487
bishops	0.04905608172279597
ivan	0.019916918700385325
christianity	0.018552105023433626
divine	0.015259826326696768
divisin	0.01510166658342391
physician	0.009736443379828836
fred	0.008183415227233249
liga	0.008125983494067578

TOPIC 1
files	0.015518605493629855
pcupdate	0.01363038876176098
nadu	0.012110809739796887
fungi	0.011772409729356718
sprint	0.010144139759174088
nrhp	0.00975721002319543
taluk	0.008459454570355981
coverage	0.008302793207918165
profile	0.008293205919216458
companys	0.008002442711333352

TOPIC 2
referee	0.02880830101432609
abuse	0.023244961747165213
divine	0.008834805372310453
birmingham	0.008784086458090012
airfield	0.00873487687264793
coverage	0.008698962884680335
nadu	0.008289176811936307
pcupdate	0.008266674360394606
physician	0.00824750030993852
pink	0.0082465863242215

TOPIC 3
facing	0.13706652125364732
carlossuarez	0.1278051947732186
bricks	0.09150376777271105
brick	0.043897904171295264
colour	0.008336803482230027
taluk	0.008007724402487128
pcupdate	0.007535979690618793
wright	0.007042214333741021
fungi	0.006566381519295127
nadu	0.006529174300453695

TOPIC 4
asteroids	0.08751797386935352
waiting	0.016386589601846517
pcupdate	0.010967266135271691
fungi	0.009643596082705685
coverage	0.00871912639180779
nadu	0.008615258229703698
sprint	0.008232423414789556
topics	0.007742194702948546
column	0.007345385625213855
bachelor	0.007197251609713804

TOPIC 5
ecnumber	0.10849768706742226
goname	0.10845653235218865
nrhp	0.01032744502318702
pupils	0.008584449228566044
apply	0.007873014460223962
nadu	0.007431598388733766
pcupdate	0.0071502960822982945
physician	0.006732355541194991
additionally	0.006662074491983936
divine	0.006643199585895047

TOPIC 6
marcus	0.060420415669577315
files	0.04181762130680219
christianity	0.018953891697374044
airfield	0.01771755216597671
bishops	0.01273724285883398
divisin	0.010991977203679852
jerusalem	0.009300535340417887
jacob	0.00840167735979266
nicholas	0.008302324115530814
pcupdate	0.008153919055911158

TOPIC 7
spam	0.7952217851123762
squishypig	0.07937497379770779
taluk	0.02101242592075132
pcupdate	0.001951844952964584
nadu	0.0019024313813419964
fungi	0.0016220953486286698
sprint	0.0011479591266035888
allmusic	9.93403345038521E-4
flies	9.679082708008287E-4
historythe	9.536150602712353E-4

TOPIC 8
pipes	0.12900457473037094
amantio	0.1015446213136043
nicolao	0.0993783119204848
exercise	0.019292890430692638
patient	0.015732580461839892
involving	0.009976299509408374
nrhp	0.007203292035825776
buffalo	0.006797033929199623
yearold	0.006032451592986031
bernard	0.0057594420518838636

TOPIC 9
random	0.06356702438098459
archive	0.023802117320249668
pcupdate	0.010687792384854579
scotia	0.0098121104190449
fungi	0.008995949255816203
sprint	0.00874264719332435
nadu	0.008594684256427848
referee	0.008460283516470529
profile	0.008372411521937401
involving	0.007500475916064444

TOPIC 10
archive	0.3421875022419502
archivedattempting	0.1144785717168167
archivedretrieving	0.0781882442135497
successmatchedattempting	0.06338384371263221
ruigeroeland	0.04555791851276578
removedhas	0.042750361407108396
waiting	0.03964115105508148
updating	0.037971151191410264
updatedwriting	0.03748684176065599
overloaded	0.03637931902238113

TOPIC 11
kotbot	0.17585301349556046
pcupdate	0.01037723866857528
fungi	0.009449150157346074
buffalo	0.008956375960370497
nadu	0.008414366911568251
sprint	0.00834399732641725
nrhp	0.007493221718370846
partners	0.007103639753844074
artistic	0.00705785923035062
download	0.007056995055648328

TOPIC 12
albertherring	0.2305709351753329
blofeld	0.18718998456509872
bugboy	0.12948814350315024
boxes	0.07318495969529107
nicolao	0.07135146999213515
amantio	0.06928974651180077
ruigeroeland	0.02872134818921383
airfield	0.025387304789036082
divisin	0.0030792575334670762
taluk	0.0027315307954534707

TOPIC 13
archive	0.2869686335064098
removedhas	0.08001027872916364
successattempting	0.07276249851436285
updatedarchive	0.0699863232319437
archivedattempting	0.0659722457127061
referencewas	0.04627907238935269
onretrieving	0.031147378266051986
successretrieving	0.028735392089780015
successmatchedattempting	0.024428734029021165
updating	0.024350641292864232

TOPIC 14
pupils	0.04982710948221805
exercise	0.04390711422833252
patient	0.03104771094469616
involving	0.018315276620917982
apply	0.016022298241846884
additionally	0.012512019072515135
benefits	0.010929082239866455
marcus	0.010860066644710589
physician	0.009838782904144545
profile	0.009798817848289875

TOPIC 15
sasata	0.11784970532958244
topics	0.017583732425265022
referee	0.011834673457999515
fungi	0.010037175034115721
airfield	0.009407577841861029
abuse	0.008112237186895424
coverage	0.007538595378869338
pcupdate	0.007514475159254741
hawaii	0.00749064784489314
nadu	0.007419931238570885

TOPIC 16
mahogany	0.38526734370393917
millercu	0.09642509552825416
canoe	0.010698155742344303
divisin	0.006572188625920419
pcupdate	0.00641781917624746
pierre	0.0062805199200906174
fungi	0.005615881293722792
nadu	0.005583532133886957
mediterranean	0.00532679578873949
sprint	0.005210883655411936

TOPIC 17
cooli	0.5086067586801656
bandarira	0.15943097116365174
pcupdate	0.0059273324614114425
fungi	0.0049660605023312335
nadu	0.0044598028904978375
sprint	0.0037858765151828565
brick	0.0035695778845300516
flies	0.0031516135641212963
historythe	0.0030773460333554303
allmusic	0.003035129233205754

TOPIC 18
scotia	0.08255876103973823
nrhp	0.00974497139545312
pcupdate	0.009107911426821581
leeds	0.008828716306469508
nadu	0.008630220955953543
jerusalem	0.008429747226701445
practices	0.008318644223274819
commerce	0.008303165804993408
pink	0.008151478639756758
fungi	0.008090796123618911

TOPIC 19
buffalo	0.015007167979790233
column	0.013408020893997155
practices	0.01243256141310911
divine	0.011129998911553397
nrhp	0.010213915879004637
pcupdate	0.009388684960201362
physician	0.008689425244194365
coverage	0.008602669082804024
topics	0.008526910948376033
fungi	0.008301870477156232

Terms found in all topics: 
mario: 1
overloaded: 1
random: 1
ecnumber: 1
bernard: 1
benefits: 1
geregen: 1
millercu: 1
facing: 1
birmingham: 1
fred: 1
bachelor: 1
kotbot: 1
pipes: 1
liga: 1
mahogany: 1
artistic: 1
wright: 1
commerce: 1
canoe: 1
albertherring: 1
successretrieving: 1
sasata: 1
nicholas: 1
boxes: 1
cooli: 1
referencewas: 1
jacob: 1
mediterranean: 1
partners: 1
bugboy: 1
goname: 1
colour: 1
pierre: 1
carlossuarez: 1
archivedretrieving: 1
ivan: 1
updatedarchive: 1
squishypig: 1
successattempting: 1
leeds: 1
bandarira: 1
bricks: 1
companys: 1
asteroids: 1
spam: 1
onretrieving: 1
download: 1
hawaii: 1
yearold: 1
updatedwriting: 1
blofeld: 1
nicolao: 2
practices: 2
christianity: 2
abuse: 2
additionally: 2
brick: 2
jerusalem: 2
removedhas: 2
allmusic: 2
flies: 2
archivedattempting: 2
amantio: 2
ruigeroeland: 2
files: 2
pupils: 2
apply: 2
bishops: 2
column: 2
historythe: 2
marcus: 2
pink: 2
waiting: 2
successmatchedattempting: 2
updating: 2
scotia: 2
exercise: 2
patient: 2
topics: 3
referee: 3
profile: 3
involving: 3
buffalo: 3
archive: 3
airfield: 4
taluk: 4
divisin: 4
divine: 4
coverage: 5
physician: 5
nrhp: 6
sprint: 7
fungi: 11
nadu: 12
pcupdate: 14
The word 'fungi' appeared in 11 topics: adding to data/stop_words.txt.
The word 'nadu' appeared in 12 topics: adding to data/stop_words.txt.
The word 'pcupdate' appeared in 14 topics: adding to data/stop_words.txt.
[0m[[32msuccess[0m] [0mTotal time: 88 s, completed May 9, 2016 12:30:26 AM[0m
