[0m[[0minfo[0m] [0mLoading project definition from /Users/seeng/school/Spring2016/comp541/wikipedia-project/project[0m
[0m[[0minfo[0m] [0mSet current project to wikipedia-topic-modeling (in build file:/Users/seeng/school/Spring2016/comp541/wikipedia-project/)[0m
[0m[[0minfo[0m] [0mRunning LDAExample --k=20 --stopwordFile=data/stop_words.txt --vocabSize=200 ../wikipedia_data/disk{51,52,53,54,55,56,57,58,59,60,61,62,63,64,65,66,67,68,69,70,71,72,73,74,75,76,77,78,79,80,81,82,83,84,85,86,87,88,89,90,91,92,93,94,95,96,97,98,99,}.txt[0m

Corpus summary:
	 Training set size: 461282 documents
	 Vocabulary size: 200 terms
	 Training set size: 1056315 tokens
	 Preprocessing time: 184.249332 sec

Finished training LDA model.  Summary:
	 Training time: 39.75477 sec
	 Training data average log likelihood: -17.788798401180692

20 topics:
TOPIC 0
marvel	0.00774516262335054
slow	0.006763925167050302
adventures	0.006423213410624509
carrying	0.006026044202949751
gear	0.005903595025268365
stages	0.005899354657307608
hired	0.005870093435260764
survived	0.005847122244749226
weapon	0.005845631157132282
caught	0.00580968301151848

TOPIC 1
patent	0.010262540250621352
truck	0.007195768530991858
horses	0.006265717581061138
starred	0.0062498714858315796
survived	0.006037012539359202
carrying	0.0059536041953002355
stages	0.00591190342311125
calling	0.005904174447930328
retained	0.005877003666600762
temporary	0.005855561717263021

TOPIC 2
carrying	0.006038519455646753
starred	0.0060304518857441205
survived	0.005987094745567466
stages	0.005916095254286316
confederate	0.005893124914366038
buses	0.005889699194400993
crash	0.0058134564810011615
apart	0.00578111686651636
calling	0.005779484220542227
birmingham	0.005753087251283622

TOPIC 3
marvel	0.013309200603047374
disney	0.009472904663282874
innings	0.007299461617291863
adventures	0.006757123986089744
slow	0.006095182328720511
patent	0.005897224899323112
retained	0.0058393735017450024
sand	0.005833441784455036
starred	0.00581367926859213
caught	0.0057797847464605995

TOPIC 4
confederate	0.006964770109553502
retained	0.006091710595241939
carrying	0.006028462335864347
survived	0.005953825379271054
starred	0.005949613445992343
responsibility	0.005918484370392907
birmingham	0.0058975505674346085
weapon	0.0058755984945049276
wear	0.0058628039331096215
caught	0.005839937212669642

TOPIC 5
confederate	0.01107333819882114
snow	0.006276553014056196
stages	0.006213903729821362
carrying	0.006083178462150167
buses	0.0060170538850650625
crash	0.006016309159428328
enterprise	0.005964359382701191
retained	0.00584682546083667
starred	0.0058293272635635985
moves	0.005811309714074866

TOPIC 6
starred	0.006224786429848043
innings	0.0061383564773209165
stages	0.006092017310839585
retained	0.006007811440153471
survived	0.005915189074643885
caught	0.005903089229022129
crash	0.0058881382550975145
calling	0.005873742149300382
huge	0.005866745444160155
rolling	0.005853770232182497

TOPIC 7
serdun	0.25878853393431156
starred	0.004812572278386185
patent	0.00463742102492529
survived	0.004584352104954442
stages	0.004506294652245799
regularly	0.004458302088325243
mids	0.004440328821269487
hired	0.004393687436994927
retained	0.004390039538863771
calling	0.004388442355347154

TOPIC 8
marvel	0.016448571684356282
bomb	0.006580750178353086
patent	0.00629527257184271
eagle	0.006013007542726031
stages	0.005914860031874592
moves	0.00586984874316503
carrying	0.005841826407626619
survived	0.005838190844039876
retained	0.005804750710790555
equipped	0.005779189708906544

TOPIC 9
innings	0.009738390151000482
advertising	0.006223180572024745
caught	0.006014353423512372
carrying	0.005954501857366816
crash	0.0059236287082184026
adventure	0.005913108210354377
survived	0.005908126459013529
enterprise	0.0058888518784073855
colour	0.005888522737486564
truck	0.005882834946501209

TOPIC 10
truck	0.03225303857715152
disney	0.007088978653090791
bomb	0.0070735873609345775
gear	0.006133359086185693
carrying	0.006067595215091549
horses	0.006046045276152663
weapon	0.0059146163822234804
crash	0.005907355648944329
eagle	0.005817687793034686
equipped	0.005778590897686967

TOPIC 11
snow	0.006657095888682835
horses	0.006573506349237458
weapon	0.006047476002395609
retained	0.005977979579861707
survived	0.005945893324603075
starred	0.005942228097286082
apart	0.005901219876044682
caught	0.005895652319891391
stages	0.005842242131489315
carrying	0.005814048235750458

TOPIC 12
rolling	0.0060526654852896735
starred	0.006002205312501625
patent	0.00600019080270519
slow	0.005990109165260341
enterprise	0.005946363163135571
survived	0.00592687250895477
carrying	0.005895495273901275
retained	0.005794528235449197
integrated	0.005755321967082202
stages	0.005746159025312575

TOPIC 13
disney	0.007833848466145687
birmingham	0.006319636950736047
snow	0.0062976464252656
carrying	0.005961472092937642
ferry	0.005954298514382361
slow	0.0059050574909919554
survived	0.005886266014575317
stages	0.00584147929767095
caught	0.005841308248197551
starred	0.005836897039889833

TOPIC 14
truck	0.009808072268303103
marvel	0.007573236207991652
horses	0.006534464677873663
gear	0.006134170686777408
starred	0.005870579495531661
broadway	0.0058561774816100805
survived	0.005785133763924214
equipped	0.005781958859905969
crash	0.005781830127809985
carrying	0.005760721765129638

TOPIC 15
stages	0.006053361616125024
starred	0.006036554513530853
survived	0.006032879132302391
carrying	0.00603127776377864
caught	0.006002973778674383
bomb	0.0059666435060633126
crash	0.005938226591432918
retained	0.005877098539307509
apart	0.005838566391774908
rolling	0.0058199401049809415

TOPIC 16
marvel	0.00911745509620396
innings	0.008686090937383104
slow	0.006179951885549676
caught	0.006010583106141079
gear	0.005952774672942321
rolling	0.005901328534415168
survived	0.005898986697253608
starred	0.005871149907141526
retained	0.005866559070144501
stages	0.005849379614770162

TOPIC 17
buses	0.007434758928872789
disney	0.006805904997386998
birmingham	0.006165384643688628
slow	0.006100300100068477
starred	0.005946601936603428
retained	0.005920254129574575
trading	0.005894684261944003
carrying	0.005894599843168828
caught	0.005888199274222262
calling	0.005853364424269821

TOPIC 18
disney	0.013955822807734249
crash	0.00606097742975408
carrying	0.005993236800945662
bomb	0.005975679834370267
survived	0.005906633072231672
caught	0.005861907930802291
adventure	0.00584449729181025
retained	0.005835448813628007
birmingham	0.005810502856463144
starred	0.005804257912314541

TOPIC 19
marvel	0.011934344021332855
drugs	0.007050515155269565
birmingham	0.006916473188604338
patent	0.006500987669072316
illustrated	0.0064479024433793065
adventures	0.006143576709523811
retained	0.005867194724078408
carrying	0.005829984217644513
weapon	0.0057936006724409106
starred	0.005771868817736411

Terms found in all topics: 
huge: 1
sand: 1
temporary: 1
responsibility: 1
regularly: 1
serdun: 1
ferry: 1
trading: 1
colour: 1
broadway: 1
integrated: 1
illustrated: 1
mids: 1
drugs: 1
wear: 1
advertising: 1
moves: 2
eagle: 2
hired: 2
adventure: 2
snow: 3
buses: 3
adventures: 3
enterprise: 3
equipped: 3
apart: 3
confederate: 3
innings: 4
rolling: 4
gear: 4
truck: 4
horses: 4
bomb: 4
calling: 5
disney: 5
weapon: 5
slow: 6
birmingham: 6
patent: 6
marvel: 6
crash: 8
caught: 11
stages: 12
retained: 14
survived: 15
carrying: 16
starred: 16
The word 'caught' appeared in 11 topics: adding to data/stop_words.txt.
The word 'stages' appeared in 12 topics: adding to data/stop_words.txt.
The word 'retained' appeared in 14 topics: adding to data/stop_words.txt.
The word 'survived' appeared in 15 topics: adding to data/stop_words.txt.
The word 'carrying' appeared in 16 topics: adding to data/stop_words.txt.
The word 'starred' appeared in 16 topics: adding to data/stop_words.txt.
[0m[[32msuccess[0m] [0mTotal time: 229 s, completed May 9, 2016 12:15:02 AM[0m
