[0m[[0minfo[0m] [0mLoading project definition from /Users/seeng/school/Spring2016/comp541/wikipedia-project/project[0m
[0m[[0minfo[0m] [0mSet current project to wikipedia-topic-modeling (in build file:/Users/seeng/school/Spring2016/comp541/wikipedia-project/)[0m
[0m[[0minfo[0m] [0mRunning LDAExample --k=20 --stopwordFile=data/stop_words.txt --vocabSize=200 ../wikipedia_data/disk{551,552,553,554,555,556,557,558,559,560,561,562,563,564,565,566,567,568,569,570,571,572,573,574,575,576,577,578,579,580,581,582,583,584,585,586,587,588,589,590,591,592,593,594,595,596,597,598,599,}.txt[0m

Corpus summary:
	 Training set size: 347946 documents
	 Vocabulary size: 200 terms
	 Training set size: 220759 tokens
	 Preprocessing time: 51.084536 sec

Finished training LDA model.  Summary:
	 Training time: 23.199478 sec
	 Training data average log likelihood: -5.697115716337664

20 topics:
TOPIC 0
descent	0.054760119914426295
judges	0.012706612601971555
canoe	0.00989704302966561
butler	0.008126695336115238
bobby	0.00796708141914347
cruz	0.0078882739517475
jonathan	0.007862323287816664
republika	0.007857505177994247
greg	0.0078144701842006
sprint	0.007632413922517149

TOPIC 1
ruigeroeland	0.34363255781415025
hawaii	0.01496271639911889
happened	0.011479813599020743
mitchell	0.011111433375700487
roberts	0.011044785245369032
descent	0.009963734109272798
thailand	0.00909978357367037
bibliography	0.006288014875669899
caribbean	0.005792680970492022
rico	0.005449532203093845

TOPIC 2
timestamp	0.15870195883556837
tigers	0.057462827703204156
tech	0.04927224708360072
canoe	0.023278718395081346
sprint	0.015132360098988908
depth	0.007401642977109978
feed	0.006845993234067573
mediterranean	0.006820567850223321
republika	0.006600561617003292
herbert	0.0064851730685581265

TOPIC 3
wright	0.0930327528610615
lugnuts	0.04182528411628915
canoe	0.032455315372049105
craig	0.01879665228481002
sprint	0.015139237439800711
keith	0.013459863378134616
cook	0.013219100007642464
jonathan	0.013146380349451224
greg	0.011460282371060912
foster	0.010937500943214202

TOPIC 4
parker	0.018177246602592862
reservoir	0.011416428720149757
serie	0.010191612965167426
choir	0.010001816608492618
fear	0.009058360490725547
republika	0.008970680899233351
sculpture	0.008818668026468288
rico	0.008670319798384929
depth	0.008252630561058242
serbian	0.008043954250381027

TOPIC 5
skating	0.11417265707064549
reservoir	0.05651049084763468
sprint	0.033969506021657866
snow	0.019308907700724527
canoe	0.01475720911867012
butler	0.013624691943040688
rico	0.008016440855170082
caribbean	0.0077705843844961655
virgin	0.006970590158342706
judges	0.0069687910819477075

TOPIC 6
fear	0.05528764212940405
choir	0.010038608379214624
marathon	0.009248547923507324
republika	0.008569129923989553
judges	0.008197388235125955
serie	0.007741970327012933
jonathan	0.007721197577924633
grace	0.0076234957251681895
feed	0.007334008761360037
pierre	0.0073114894336099735

TOPIC 7
stubs	0.06499599992895601
bombardment	0.05904378654435772
geography	0.05161833140048444
strategic	0.010756968118569157
martial	0.009541414522959094
snow	0.009442616522953112
caribbean	0.00896884441908243
republika	0.007973258350330265
depth	0.007944749044005835
rico	0.00767345438441909

TOPIC 8
turner	0.16460741275553456
canoe	0.01870708965331919
butler	0.01776377796479475
sprint	0.012614155382791058
rocks	0.007084127186710159
depth	0.006940384847546492
cook	0.006924016751535263
craig	0.0067023841261265
republika	0.006548101209948991
feed	0.006528784625652783

TOPIC 9
blofeld	0.18795184485737068
ganeshbot	0.17547764033296842
nicolao	0.12918197792128952
amantio	0.12905213462357026
virgin	0.028035847786061923
rocks	0.018335137261152823
happened	0.016282001442548523
lugnuts	0.014327007783701167
albania	0.01280875282445881
bibliography	0.00508304107478818

TOPIC 10
geography	0.025900915291466466
stubs	0.015819191411469685
snow	0.013774300468277857
martial	0.012075549024429002
foster	0.01071269587337752
republika	0.00964140685122648
files	0.009587005578666544
feed	0.008856211882301682
false	0.008686819947348332
contribute	0.008337518543031792

TOPIC 11
fear	0.015956285929226828
mediterranean	0.01364716332588348
caribbean	0.009664255284604337
republika	0.009419255681642275
depth	0.009415676163252345
strategic	0.009204099067321015
feed	0.009016030476967954
bombardment	0.00876663449048357
grace	0.008627469883896283
herbert	0.008484441934753882

TOPIC 12
groves	0.27733109302347037
toby	0.27464717246831016
mapped	0.005153949441769702
feed	0.004892408197710276
depth	0.004822251552020572
contribute	0.004766703124010427
republika	0.004266922122668548
revival	0.004235555021996646
estonia	0.004093635102059962
rising	0.004056575141868999

TOPIC 13
starzynka	0.45377197309895384
estonia	0.03523232142552063
lugnuts	0.024184805007536864
blofeld	0.011316267349435844
reservoir	0.010925947891237646
happened	0.010896780200546503
ivan	0.008588685058773969
bombardment	0.007633685109174331
skating	0.007378076283258802
involving	0.006059896333294547

TOPIC 14
wang	0.08551263916487083
roberts	0.0516070474304439
parker	0.011954554689863745
fred	0.010724577810802376
greg	0.010070831992834747
keith	0.010064675041320859
dennis	0.009632664733242195
phil	0.009548400580819493
donald	0.009145756265563156
craig	0.009075373221016987

TOPIC 15
copper	0.08211847534001777
murphy	0.06651952525186851
herbert	0.009740523334410427
depth	0.008351598696017329
feed	0.008115228755213937
republika	0.007482326791023314
adults	0.0074017949422584585
sculpture	0.0073092592176138395
volunteer	0.00720771550602248
rico	0.007183450392521361

TOPIC 16
dull	0.321283616135831
boyall	0.31216379123907184
toby	0.13858097620745596
groves	0.12904154020928726
matched	0.06315641978448094
mapped	5.517295554788789E-4
contribute	5.041802310544973E-4
feed	5.026746998038936E-4
estonia	4.4560894924390717E-4
surveys	4.113938983713476E-4

TOPIC 17
synonym	0.1323055868839162
leningrad	0.07278953789828081
mitchell	0.03896883223200283
parker	0.033407002169565735
vladimir	0.03193921702596823
ivan	0.0246624260153488
cook	0.023121702258799587
petersburg	0.017586021649999554
craig	0.015114167717765742
matched	0.014411310780444093

TOPIC 18
pubdog	0.07949205533767639
jonathan	0.013276409843472461
herbert	0.012237535772713972
benjamin	0.009903744028270487
rico	0.008928164925256768
alice	0.00884833966125907
grace	0.00862535330456583
snow	0.008292031992339315
nicholas	0.008267003704552673
jacob	0.008188298020280867

TOPIC 19
yang	0.06020399468058211
barry	0.032683160227554395
cruz	0.0272064620145144
foster	0.018462082910489803
jonathan	0.016251761247542174
steven	0.016082690095793557
greg	0.015925497225843712
keith	0.015831116269286256
fred	0.014601938891247711
phil	0.014137699318590312

Terms found in all topics: 
ganeshbot: 1
starzynka: 1
false: 1
vladimir: 1
nicolao: 1
revival: 1
donald: 1
serbian: 1
timestamp: 1
marathon: 1
copper: 1
turner: 1
tigers: 1
wright: 1
dennis: 1
rising: 1
bobby: 1
boyall: 1
amantio: 1
ruigeroeland: 1
files: 1
synonym: 1
alice: 1
murphy: 1
nicholas: 1
jacob: 1
yang: 1
pierre: 1
adults: 1
petersburg: 1
barry: 1
thailand: 1
tech: 1
pubdog: 1
involving: 1
dull: 1
albania: 1
benjamin: 1
volunteer: 1
hawaii: 1
surveys: 1
leningrad: 1
steven: 1
wang: 1
toby: 2
mapped: 2
choir: 2
mitchell: 2
fred: 2
martial: 2
roberts: 2
matched: 2
groves: 2
virgin: 2
cruz: 2
strategic: 2
mediterranean: 2
geography: 2
rocks: 2
phil: 2
ivan: 2
sculpture: 2
serie: 2
descent: 2
bibliography: 2
stubs: 2
skating: 2
blofeld: 2
keith: 3
butler: 3
grace: 3
cook: 3
parker: 3
happened: 3
contribute: 3
bombardment: 3
estonia: 3
judges: 3
foster: 3
reservoir: 3
lugnuts: 3
fear: 3
snow: 4
greg: 4
craig: 4
herbert: 4
caribbean: 4
canoe: 5
sprint: 5
jonathan: 5
rico: 6
depth: 7
feed: 8
republika: 10
[0m[[32msuccess[0m] [0mTotal time: 79 s, completed May 9, 2016 12:33:09 AM[0m
