[0m[[0minfo[0m] [0mLoading project definition from /Users/seeng/school/Spring2016/comp541/wikipedia-project/project[0m
[0m[[0minfo[0m] [0mSet current project to wikipedia-topic-modeling (in build file:/Users/seeng/school/Spring2016/comp541/wikipedia-project/)[0m
[0m[[0minfo[0m] [0mRunning LDAExample --k=20 --stopwordFile=data/stop_words.txt --vocabSize=200 ../wikipedia_data/disk{351,352,353,354,355,356,357,358,359,360,361,362,363,364,365,366,367,368,369,370,371,372,373,374,375,376,377,378,379,380,381,382,383,384,385,386,387,388,389,390,391,392,393,394,395,396,397,398,399,}.txt[0m

Corpus summary:
	 Training set size: 354229 documents
	 Vocabulary size: 200 terms
	 Training set size: 233600 tokens
	 Preprocessing time: 56.981384 sec

Finished training LDA model.  Summary:
	 Training time: 23.273343 sec
	 Training data average log likelihood: -5.848139258380358

20 topics:
TOPIC 0
khulna	0.04383978937851316
sweet	0.013603461555779352
premiered	0.01099333744248061
tactical	0.010526812781052412
taiwan	0.008697442803953043
inclusion	0.008579784572790116
criteria	0.00843767686187461
ambassador	0.008214838935753647
freestyle	0.008137810168972665
executed	0.00794363643256497

TOPIC 1
spacebaboy	0.09371333413258835
alpha	0.07984534461828736
ballet	0.016810336560336297
taiwan	0.012539148546054616
craig	0.009006872644178305
nicholas	0.008477973236160874
donald	0.007607551775187764
jump	0.007277621606569013
criteria	0.007193030031738174
inclusion	0.007077433782694176

TOPIC 2
deecolon	0.16619483058753245
tigers	0.026633519420494203
leeds	0.011810994016021021
archives	0.0076714458961361885
inclusion	0.007493100106352416
criteria	0.007168057573247029
taiwan	0.006718203697876685
gfdl	0.006659554344906255
executed	0.006647963293435672
missions	0.006591876173106954

TOPIC 3
timorse	0.2681485402752602
kotbot	0.2255628390584534
rico	0.005514662377543532
bulgarian	0.005190093656221308
gfdl	0.005123838625750496
taiwan	0.005035702596112985
inclusion	0.004861006647525766
criteria	0.004848807905964457
executed	0.004730875792646183
faso	0.00432956573129279

TOPIC 4
rajshahi	0.1516904112851998
khulna	0.03894776576118801
criteria	0.007759877679249091
inclusion	0.0077352580943375136
gfdl	0.007493653373739382
executed	0.007247379339080054
faso	0.006911009587159831
revival	0.006673231696901861
contribute	0.006662666237523189
brick	0.006357262647979991

TOPIC 5
fleetrace	0.09674192749995819
bulgarian	0.011484596375569067
inclusion	0.008188928181187523
criteria	0.008150037343774721
executed	0.007972627814276552
argentine	0.007897245166364579
barcelona	0.007804539628965669
freestyle	0.007537421231600847
gfdl	0.007528633373764295
revival	0.007398013719704526

TOPIC 6
hang	0.17081095628969165
emos	0.1430252749980151
inclusion	0.007217510515038893
gfdl	0.007017120410596799
executed	0.006660611066295714
criteria	0.006589968750325061
revival	0.006112802340143776
faso	0.006003613747613365
contribute	0.005866745515232813
nacional	0.005638322397980036

TOPIC 7
sweet	0.02895345672437093
bomb	0.028011308608286763
wright	0.01858285583327668
airfield	0.012615613763657168
missions	0.011297766068718748
argentine	0.009743741147075833
barcelona	0.009404842325081516
tactical	0.009208005836062797
ambassador	0.009049708254299566
rico	0.008752993193669683

TOPIC 8
middot	0.1347474579470389
tigers	0.010189195225189832
sweet	0.00968128751943124
inclusion	0.0075984381679942165
tactical	0.0075408141832493435
ballet	0.00753457844166782
criteria	0.007519465890346691
nrhp	0.007277114235804573
keyboards	0.0072767277433102035
executed	0.0070561197748252235

TOPIC 9
stoop	0.24916211278294964
kids	0.21016981292553424
afraid	0.14697882911885687
gfdl	0.005017772049953402
inclusion	0.004192697897639743
criteria	0.003890744806633283
faso	0.0038042307829853407
revival	0.003584593959095522
contribute	0.003547130275114874
gang	0.003538687133024842

TOPIC 10
dhaka	0.3812829931317504
sweet	0.006592224124893039
gfdl	0.006578379901266691
inclusion	0.006256306016154126
criteria	0.0059662510629627545
contribute	0.005474310286424455
executed	0.005431082126175678
faso	0.005402825403308039
brick	0.0051578732755888515
revival	0.0051309866970991715

TOPIC 11
matched	0.12594222682497463
cycling	0.11040860181875503
pointstotal	0.01883680620194466
nrhp	0.018183732252024753
indoor	0.009360632715541141
ballet	0.007970841128235982
gfdl	0.00689065793748799
criteria	0.006815185602767708
inclusion	0.00679957348678411
taiwan	0.006655829670205066

TOPIC 12
territor	0.09623200717691063
reporter	0.033619057201883656
craig	0.03128971981176562
nrhp	0.029158389058032454
ballet	0.016672633732152182
leeds	0.007988842838425226
congregation	0.007388054279214478
executed	0.007276790449969051
missions	0.007157389793001553
inclusion	0.006868880480930141

TOPIC 13
leeds	0.015594142685118096
rico	0.014092809310695013
inclusion	0.008725577953797406
criteria	0.008512952790568276
executed	0.008364900272836515
ambassador	0.008331102489914909
cousin	0.00822808826095793
gfdl	0.007631870762672135
brick	0.007293737552682409
benjamin	0.007243263350303191

TOPIC 14
swampyank	0.09488646792059806
congregation	0.02724020735816507
premiered	0.015215272124365737
benjamin	0.013189597065456608
topics	0.012955964946419181
leeds	0.012741317715800905
wright	0.012391625939670279
jonathan	0.012027871405593563
oliver	0.009972501260845154
reporter	0.009019386602743353

TOPIC 15
matched	0.36419934559570505
phumi	0.16549624969763535
cambodiane	0.1632916021887488
pointstotal	0.12839691404141665
gfdl	0.0023046045623819358
inclusion	0.0020573708520201213
criteria	0.0018306374604488893
faso	0.0017545098759250352
contribute	0.0016811628604482861
revival	0.0016426812221155232

TOPIC 16
tigers	0.020990761673669544
ballet	0.012788011128516939
rico	0.010516346979049379
premiered	0.008968464258681233
archives	0.008801166375282112
inclusion	0.008659020824130476
ambassador	0.008480085815986041
criteria	0.008352292404453166
revival	0.008150706656755049
gfdl	0.007598588704265258

TOPIC 17
chuck	0.20142521928073248
norris	0.1771030856045817
bomb	0.00815350495893078
ballet	0.006221793697491525
gfdl	0.00602392936321293
inclusion	0.006018818794852912
criteria	0.005968869193429356
revival	0.005841507855374988
executed	0.005207582268078568
contribute	0.005149483297047975

TOPIC 18
module	0.2929835364484797
nameless	0.10814318608982751
mario	0.0707870392672229
infobox	0.0148725918602251
argentine	0.006453743652717033
gfdl	0.006013106122111251
inclusion	0.00574940853842079
topics	0.005745633499993973
criteria	0.005538898826373897
keith	0.00514514346215513

TOPIC 19
carlossuarez	0.1341555344836413
kongne	0.09880414110089389
punk	0.06791147084103456
ballet	0.00868033080261957
barcelona	0.008092634284174519
tactical	0.0074497549143758965
wright	0.007341607415292384
premiered	0.006522706911608638
inclusion	0.006280492340544368
missions	0.006258513868536843

Terms found in all topics: 
mario: 1
alpha: 1
keith: 1
spacebaboy: 1
module: 1
keyboards: 1
donald: 1
timorse: 1
emos: 1
chuck: 1
gang: 1
jump: 1
dhaka: 1
kotbot: 1
kongne: 1
deecolon: 1
afraid: 1
rajshahi: 1
hang: 1
punk: 1
airfield: 1
infobox: 1
territor: 1
cambodiane: 1
nicholas: 1
stoop: 1
swampyank: 1
phumi: 1
middot: 1
cousin: 1
carlossuarez: 1
fleetrace: 1
kids: 1
oliver: 1
norris: 1
jonathan: 1
indoor: 1
cycling: 1
nacional: 1
nameless: 1
topics: 2
reporter: 2
archives: 2
craig: 2
matched: 2
pointstotal: 2
congregation: 2
khulna: 2
freestyle: 2
benjamin: 2
bulgarian: 2
bomb: 2
argentine: 3
nrhp: 3
barcelona: 3
tigers: 3
wright: 3
brick: 3
sweet: 4
tactical: 4
premiered: 4
rico: 4
leeds: 4
missions: 4
ambassador: 4
taiwan: 5
faso: 6
contribute: 6
ballet: 7
revival: 8
executed: 11
gfdl: 13
criteria: 16
inclusion: 18
The word 'executed' appeared in 11 topics: adding to data/stop_words.txt.
The word 'gfdl' appeared in 13 topics: adding to data/stop_words.txt.
The word 'criteria' appeared in 16 topics: adding to data/stop_words.txt.
The word 'inclusion' appeared in 18 topics: adding to data/stop_words.txt.
[0m[[32msuccess[0m] [0mTotal time: 85 s, completed May 9, 2016 12:27:31 AM[0m
