[0m[[0minfo[0m] [0mLoading project definition from /Users/seeng/school/Spring2016/comp541/wikipedia-project/project[0m
[0m[[0minfo[0m] [0mSet current project to wikipedia-topic-modeling (in build file:/Users/seeng/school/Spring2016/comp541/wikipedia-project/)[0m
[0m[[0minfo[0m] [0mRunning LDAExample --k=20 --stopwordFile=data/stop_words.txt --vocabSize=200 ../wikipedia_data/disk{751,752,753,754,755,756,757,758,759,760,761,762,763,764,765,766,767,768,769,770,771,772,773,774,775,776,777,778,779,780,781,782,783,784,785,786,787,788,789,790,791,792,793,794,795,796,797,798,799,}.txt[0m

Corpus summary:
	 Training set size: 399484 documents
	 Vocabulary size: 200 terms
	 Training set size: 222196 tokens
	 Preprocessing time: 54.660638 sec

Finished training LDA model.  Summary:
	 Training time: 22.48846 sec
	 Training data average log likelihood: -5.326289646748473

20 topics:
TOPIC 0
rdsmall	0.08528279812681759
geometridae	0.010413641888401444
completion	0.00952936318174362
para	0.009509600134289229
khuzestan	0.009337581008891111
freestyle	0.00908168494570539
yang	0.008665258032918849
thailand	0.00862849407892877
namibia	0.008189498890603164
artistic	0.008031600908444165

TOPIC 1
namebr	0.12528226721702565
jasmine	0.11114048011000772
pnmxml	0.10885186889369913
benavidesbig	0.10187846640597484
gibraltar	0.008122660978365632
linestyle	0.007347051420904591
ffffcolor	0.007234992160806298
khuzestan	0.0062409848776699235
geometridae	0.0061775270251488695
placemark	0.006154038063516917

TOPIC 2
blah	0.986300515909342
khuzestan	2.433735288752235E-4
geometridae	2.4107964663322713E-4
completion	1.9140996684074185E-4
contested	1.4610199989366127E-4
notice	1.455800768048528E-4
appealing	1.398719088380975E-4
friendly	1.3960183167647115E-4
namibia	1.3869074753726035E-4
butterfly	1.372108456973733E-4

TOPIC 3
placemark	0.12128468902819241
postcode	0.09758155065244013
polygon	0.08854230670594222
linearring	0.08642084004661597
outerboundaryis	0.0859185095616772
districtdescription	0.08117168549858306
viaf	0.07750770180544775
cave	0.005859487766639971
horses	0.005732928174579397
xunitspixels	0.004161750811800977

TOPIC 4
topics	0.1355025344073447
hstxml	0.08055327132988929
historybr	0.08055327132988929
caribbean	0.02065717090888789
rico	0.01054758636536971
geometridae	0.008055328295361269
khuzestan	0.00783047218268767
completion	0.007556509609472942
yunitspixelsiconstyle	0.006653474399258971
xunitspixels	0.006471531650928199

TOPIC 5
false	0.05916859963084354
arabic	0.04691397038300886
friday	0.04310314538073962
armenian	0.04110728794619589
cognitive	0.025804374364825793
returns	0.02540261307907243
clothing	0.023253851358896672
virus	0.017875665173414438
therapy	0.011532043115445952
yang	0.011014279487287344

TOPIC 6
illustrated	0.030407781702935892
thailand	0.012524465897382077
abuse	0.01014651397360874
nigeria	0.009879195126958165
gibraltar	0.009189604608042563
stress	0.009166948987651259
download	0.009079341741950298
freestyle	0.008888587258676965
geometridae	0.008842367477923517
completion	0.00840841357628504

TOPIC 7
schedule	0.016548277000378885
geometridae	0.010232488142320788
yunitspixelsiconstyle	0.010026242254953696
xunitspixels	0.010010392778579999
completion	0.009921871186653235
khuzestan	0.00935895983486593
freestyle	0.009174938038648805
namibia	0.008791091885095765
abuse	0.008660868895716699
para	0.008401704304287258

TOPIC 8
kumar	0.014100324889680514
thailand	0.012452990933233002
youtube	0.010819383400717086
judges	0.010127771780409469
cloud	0.00915815709147416
cave	0.009129400380179068
partners	0.008999495821499769
injured	0.008787952966510028
benefits	0.00854577544570785
completion	0.00829869240399044

TOPIC 9
euphorbia	0.07641744009732193
baker	0.029078523574245653
armenian	0.018711780373744175
geometridae	0.01138760251436527
khuzestan	0.010359292783650092
completion	0.00999815112276233
youtube	0.009745867892127431
freestyle	0.009209094088858432
namibia	0.008833119326696089
notice	0.008082337768041181

TOPIC 10
bedros	0.17977410855319834
runner	0.0921785261080036
softball	0.0853486532183743
placemark	0.010558004060346002
linestyle	0.009988730098835566
shah	0.009515918944552622
ffffcolor	0.008451196098272811
episcopal	0.008370681168174729
marks	0.008023315964957627
xunitspixels	0.006910685000087505

TOPIC 11
diff	0.5493285661723545
http	0.40397303103270277
grid	0.030421983445506513
postcode	0.003072678744231297
placemark	0.001708899632610612
polygon	0.0010918212543122295
districtdescription	0.0010871185294313184
linearring	0.0010350956000805026
outerboundaryis	0.001011843679757239
abuse	4.3996933860807687E-4

TOPIC 12
ahmad	0.11187662918223927
kadhar	0.07900952493274963
shah	0.04572649831802805
armenian	0.013592807495578906
clothing	0.013255288912615584
expert	0.008225240723493097
stress	0.008032219839656388
returns	0.007829762782688439
judges	0.00731450224788834
arabic	0.007225550046997711

TOPIC 13
pants	0.14092040363821295
yang	0.05677115936144978
linestyle	0.023630783414157766
ffffcolor	0.02241383190238222
linestring	0.018090823432958963
placemark	0.012486385566524422
depth	0.012332975055312395
xunitspixels	0.012154497390868725
yunitspixelsiconstyle	0.012044182626033018
returns	0.010366136155506417

TOPIC 14
diff	0.41981316973540184
http	0.31128914757392595
pootis	0.08933664097874067
middot	0.041775961932078796
reassessed	0.006600434923897406
syria	0.003151501895388934
abuse	0.0030031776200660125
americas	0.002844623273207321
ffffcolor	0.0027633740469258576
linestyle	0.0027370532044025462

TOPIC 15
cltxml	0.07322959054412738
culturebr	0.07308625906202942
reassessed	0.06919896461823187
episcopal	0.0691554128912553
ffffcolor	0.0562288291574307
linestyle	0.05611715741251072
linestring	0.054277373395205386
middot	0.04637641033098692
placemark	0.02518748715305867
yunitspixelsiconstyle	0.012403587531439327

TOPIC 16
yang	0.07619674521545618
margin	0.06610735351372106
topics	0.030245045476218733
vincent	0.026176184696730262
caribbean	0.01229143068378284
cave	0.011025710715864352
rico	0.009573593779882419
youtube	0.009336180107057907
xunitspixels	0.009006260704176998
yunitspixelsiconstyle	0.008730400258279964

TOPIC 17
hihi	0.9487012715667348
geometridae	9.763412095398077E-4
khuzestan	8.980514294955205E-4
completion	7.303868461849631E-4
notice	5.771533415658862E-4
friendly	5.713147049837814E-4
contested	5.467841977270117E-4
appealing	5.297489238639096E-4
premiered	5.228713625141174E-4
namibia	5.175880100265005E-4

TOPIC 18
buffalo	0.08775812523545448
carex	0.08617624418626571
linestyle	0.017231586745032758
ffffcolor	0.014682926028932702
margin	0.013982271380851131
xunitspixels	0.012251511946715131
yunitspixelsiconstyle	0.011868081423636028
gibraltar	0.00969190238671132
cave	0.00902494414183965
linestring	0.00860190657351007

TOPIC 19
default	0.06865355370554806
schedule	0.04224110413511233
illustrated	0.02911139250577352
phone	0.013851839730312673
virus	0.012149878483869996
youtube	0.011534595707245026
para	0.01116104495436093
wright	0.008172271457498426
xunitspixels	0.007525164953477751
completion	0.007501819509006844

Terms found in all topics: 
false: 1
carex: 1
benefits: 1
historybr: 1
jasmine: 1
rdsmall: 1
culturebr: 1
ahmad: 1
kadhar: 1
baker: 1
marks: 1
artistic: 1
wright: 1
softball: 1
therapy: 1
runner: 1
viaf: 1
vincent: 1
blah: 1
grid: 1
cltxml: 1
hstxml: 1
expert: 1
butterfly: 1
injured: 1
cognitive: 1
cloud: 1
partners: 1
pants: 1
pootis: 1
default: 1
horses: 1
bedros: 1
premiered: 1
friday: 1
depth: 1
nigeria: 1
americas: 1
benavidesbig: 1
syria: 1
euphorbia: 1
buffalo: 1
hihi: 1
download: 1
pnmxml: 1
kumar: 1
namebr: 1
phone: 1
topics: 2
margin: 2
polygon: 2
postcode: 2
contested: 2
appealing: 2
episcopal: 2
shah: 2
virus: 2
diff: 2
middot: 2
friendly: 2
clothing: 2
stress: 2
schedule: 2
outerboundaryis: 2
arabic: 2
districtdescription: 2
rico: 2
judges: 2
caribbean: 2
reassessed: 2
illustrated: 2
http: 2
linearring: 2
para: 3
linestring: 3
notice: 3
armenian: 3
returns: 3
thailand: 3
gibraltar: 3
abuse: 4
youtube: 4
cave: 4
yang: 4
freestyle: 4
namibia: 5
linestyle: 6
ffffcolor: 6
yunitspixelsiconstyle: 6
placemark: 6
khuzestan: 7
xunitspixels: 8
geometridae: 8
completion: 9
[0m[[32msuccess[0m] [0mTotal time: 82 s, completed May 9, 2016 12:38:41 AM[0m
