[0m[[0minfo[0m] [0mLoading project definition from /Users/seeng/school/Spring2016/comp541/wikipedia-project/project[0m
[0m[[0minfo[0m] [0mSet current project to wikipedia-topic-modeling (in build file:/Users/seeng/school/Spring2016/comp541/wikipedia-project/)[0m
[0m[[0minfo[0m] [0mRunning LDAExample --k=20 --stopwordFile=data/stop_words.txt --vocabSize=200 ../wikipedia_data/disk{251,252,253,254,255,256,257,258,259,260,261,262,263,264,265,266,267,268,269,270,271,272,273,274,275,276,277,278,279,280,281,282,283,284,285,286,287,288,289,290,291,292,293,294,295,296,297,298,299,}.txt[0m

Corpus summary:
	 Training set size: 461346 documents
	 Vocabulary size: 200 terms
	 Training set size: 353012 tokens
	 Preprocessing time: 78.513868 sec

Finished training LDA model.  Summary:
	 Training time: 27.136779 sec
	 Training data average log likelihood: -6.5262004063475425

20 topics:
TOPIC 0
phyllosticta	0.07292794121693752
jose	0.035294310726246565
virus	0.01608518548046887
animation	0.015404300135112169
warner	0.014425652556830766
cardinals	0.009002123075029636
innings	0.007645733248668796
naional	0.006464661743983316
cincinnati	0.0064623703606437035
romniei	0.006406493782838363

TOPIC 1
matched	0.46045929487114945
pointstotal	0.09878912638213062
imagen	0.004314671236729866
criteria	0.0033037914476921793
specialist	0.0032913194997901884
innings	0.003232182061865639
cardinals	0.003160683600068837
wright	0.0031207058489916006
drafted	0.0030710884763587775
tigers	0.0030319048620164996

TOPIC 2
developers	0.5427725405880249
archdiocese	0.009346762077754225
criteria	0.0038654952615260587
specialist	0.003675194354494226
inclusion	0.0035413923611715774
missions	0.0034904955414075695
artwork	0.003486928789552838
integrated	0.003468829336113818
grow	0.0033679078835112284
infobox	0.0033563275975040507

TOPIC 3
wright	0.027396921785638687
cincinnati	0.0244970766121926
romanian	0.010325249331965512
keith	0.009363195675371049
innings	0.008644242567025054
fred	0.008312938771512996
tigers	0.008094203024924619
cave	0.007654310288226998
hawaii	0.0074659049991053425
infobox	0.007150003701777949

TOPIC 4
jose	0.016092153622828613
electricity	0.011079147562879263
cardinals	0.00945852481600498
innings	0.008568827288518972
bats	0.008089239431909522
pearl	0.0080442481822932
volunteer	0.00795214825906104
birmingham	0.007851023186190718
cincinnati	0.007801441228274731
strikeouts	0.007502764601361417

TOPIC 5
userreport	0.9865651172007609
extinct	7.635219023411254E-4
eddie	2.5859470036411546E-4
nicholas	2.5237087816006335E-4
keith	2.5198796063175563E-4
jonathan	2.4128871302924246E-4
carter	2.3723206344955188E-4
resident	1.9481774984818288E-4
charlie	1.621625120072116E-4
sarah	1.542815450178343E-4

TOPIC 6
volunteer	0.010571360872775057
cincinnati	0.01026343622628459
innings	0.008641272724710256
derby	0.008230220185512577
romanian	0.007645704544178181
pearl	0.007149457384852882
horses	0.007106067966334725
fred	0.0070496223498401015
tigers	0.007023464422500544
oliver	0.006951953911853172

TOPIC 7
archive	0.04675182229842092
cork	0.011311836328372177
derby	0.0091905708187612
volunteer	0.0069530572920618785
innings	0.006953010704929501
thailand	0.006746402843439265
birmingham	0.006722673647649324
fred	0.0066644535692708595
print	0.006558496552179883
criteria	0.0063534304021600615

TOPIC 8
sentences	0.6865674838571065
imagen	0.07480451116574553
cincinnati	0.0021149454641224783
innings	0.0018215864933471733
keith	0.0018178445350095765
warner	0.0017987511782069517
cardinals	0.0017581415238322536
criteria	0.0016906409198142922
specialist	0.0016735812298714122
drafted	0.0016632622620262535

TOPIC 9
desu	0.2809380037778109
bull	0.15796853043153558
cincinnati	0.005032496994621219
criteria	0.0043108052451073095
wright	0.004266617656677645
specialist	0.004217391676385975
birmingham	0.004109203142237448
identification	0.003969821463485554
inclusion	0.003958957089269261
sponsored	0.003900121422459921

TOPIC 10
archdiocese	0.07195767659205722
animation	0.022985822067767853
warner	0.014551867387054766
venezuela	0.007339858021122823
afghanistan	0.0070373824787789896
horses	0.006738509260262643
missions	0.006569129960020341
hawaii	0.00654486662993173
innings	0.00638256283514728
criteria	0.006196507518823453

TOPIC 11
extinct	0.07618537960867865
afghanistan	0.011554458282137213
missions	0.00710283714154539
innings	0.006733016122693823
pearl	0.006720205799425624
tigers	0.006564467406338239
criteria	0.006494309975701816
specialist	0.006437253332673126
subspecies	0.006419225137001861
iucn	0.006385401715534627

TOPIC 12
middot	0.12163986151515722
keith	0.008484431994857662
tigers	0.007863371925596413
innings	0.00771283876550434
cincinnati	0.007651797517388613
jose	0.007464033667399946
birmingham	0.006598743633904409
virus	0.006500946874941924
bats	0.0063163933004000685
drafted	0.006278867523189987

TOPIC 13
cardinals	0.011179751004681443
innings	0.009746227611860836
electricity	0.00940999822477607
cook	0.008903529443540574
tigers	0.008306483764903639
bats	0.0077115919705850935
pearl	0.007439905554983675
missions	0.0074131492283594025
fred	0.007373906667072328
birmingham	0.007370283016971779

TOPIC 14
afil	0.14683579241329262
operas	0.08037279160845154
valea	0.07354514191408125
romanian	0.00662449561490372
naional	0.006436884087748546
romniei	0.006279829446165401
cadastrul	0.006241999588098024
administraia	0.006196542803076152
romne	0.006164834013399405
rurile	0.006134617116595627

TOPIC 15
warner	0.01287234859213052
missions	0.008721215943671288
animation	0.008706494501693963
afghanistan	0.008490227146329786
fred	0.008444020678322289
innings	0.007983282890737917
infobox	0.007844191141897078
bobby	0.007760537281556175
keith	0.007391488875713844
volunteer	0.007342134064151073

TOPIC 16
archive	0.020149492875251508
cincinnati	0.01727090904072783
tigers	0.0111701145137817
innings	0.010866124300981097
cork	0.010092635506786038
virus	0.009284151118873216
volunteer	0.009063056718659186
bats	0.008087288085114407
birmingham	0.007315174281960306
derby	0.007233993586165663

TOPIC 17
tigers	0.007965148257091093
pearl	0.007735139844271144
cook	0.007659921916809377
cork	0.0074815266365655855
bats	0.0072307964002118735
criteria	0.007075873539562275
volunteer	0.007064033133347912
innings	0.007038600420998973
fred	0.00695534538686389
missions	0.006799147639563991

TOPIC 18
polbot	0.512477994819312
cuba	0.010694566479537456
volunteer	0.009641390612985024
missions	0.005906835102916443
afghanistan	0.0054615249012484445
keith	0.004737688994701345
congo	0.0046491615601024034
benjamin	0.003915506397971993
sierra	0.003705299947656371
kenya	0.0037026682355329223

TOPIC 19
skipped	0.264940849811462
plugin	0.1800472250244261
contribs	0.14484469000087966
kingbotk	0.09329736086141618
criteria	0.002615741784130167
specialist	0.0025083128804982003
identification	0.0025032612308324167
keith	0.002367120646082459
artwork	0.0023222229488308417
inclusion	0.002272233131277445

Terms found in all topics: 
plugin: 1
sarah: 1
sentences: 1
afil: 1
userreport: 1
cuba: 1
contribs: 1
congo: 1
print: 1
kenya: 1
desu: 1
polbot: 1
cadastrul: 1
matched: 1
bobby: 1
skipped: 1
resident: 1
charlie: 1
operas: 1
pointstotal: 1
iucn: 1
nicholas: 1
eddie: 1
cave: 1
sierra: 1
middot: 1
grow: 1
rurile: 1
subspecies: 1
strikeouts: 1
thailand: 1
oliver: 1
developers: 1
venezuela: 1
jonathan: 1
benjamin: 1
integrated: 1
kingbotk: 1
romne: 1
carter: 1
phyllosticta: 1
administraia: 1
sponsored: 1
bull: 1
valea: 1
cook: 2
naional: 2
identification: 2
extinct: 2
archdiocese: 2
imagen: 2
horses: 2
romniei: 2
electricity: 2
archive: 2
hawaii: 2
artwork: 2
wright: 3
drafted: 3
infobox: 3
romanian: 3
derby: 3
virus: 3
animation: 3
jose: 3
inclusion: 3
cork: 3
warner: 4
afghanistan: 4
cardinals: 5
bats: 5
pearl: 5
birmingham: 6
fred: 6
specialist: 6
keith: 7
missions: 7
volunteer: 7
tigers: 8
cincinnati: 8
criteria: 9
innings: 14
The word 'innings' appeared in 14 topics: adding to data/stop_words.txt.
[0m[[32msuccess[0m] [0mTotal time: 111 s, completed May 9, 2016 12:24:33 AM[0m
