[0m[[0minfo[0m] [0mLoading project definition from /Users/seeng/school/Spring2016/comp541/wikipedia-project/project[0m
[0m[[0minfo[0m] [0mSet current project to wikipedia-topic-modeling (in build file:/Users/seeng/school/Spring2016/comp541/wikipedia-project/)[0m
[0m[[0minfo[0m] [0mRunning LDAExample --k=20 --stopwordFile=data/stop_words.txt --vocabSize=200 ../wikipedia_data/disk{701,702,703,704,705,706,707,708,709,710,711,712,713,714,715,716,717,718,719,720,721,722,723,724,725,726,727,728,729,730,731,732,733,734,735,736,737,738,739,740,741,742,743,744,745,746,747,748,749,}.txt[0m

Corpus summary:
	 Training set size: 393324 documents
	 Vocabulary size: 200 terms
	 Training set size: 217588 tokens
	 Preprocessing time: 52.081671 sec

Finished training LDA model.  Summary:
	 Training time: 22.388363 sec
	 Training data average log likelihood: -5.84353986568682

20 topics:
TOPIC 0
frogs	0.09927685277070446
acraea	0.07245180251064622
charaxes	0.06642788404815453
paralympics	0.05220290855123721
hewitson	0.051833976784043535
appearing	0.04137134696210663
eurovision	0.03450172240481383
butler	0.03295964018426973
fabricius	0.02649770023147444
freestyle	0.01976506055878293

TOPIC 1
trea	0.5895898598428547
mera	0.3998150503173173
olympicsreferences	2.845350427372731E-4
hook	1.7892115103048046E-4
butterfly	1.5305993035272063E-4
reviewed	1.4688363961597178E-4
contested	1.4518179416593582E-4
bibliography	1.3130724037458728E-4
congo	1.109244204507279E-4
competing	1.0769508925996353E-4

TOPIC 2
flowersi	0.12647061083433503
infrastructure	0.11816023052944838
birmingham	0.023423845910639545
syrian	0.018961121739268
discography	0.011300428016801298
syria	0.010093035971045796
sculpture	0.008264022524940113
journalism	0.007528982302687272
hook	0.007299316094112395
olympicsreferences	0.007284474305920327

TOPIC 3
archive	0.07046907688042951
butler	0.0590795386276836
linnaeus	0.057806623799056024
stakes	0.04560582639282531
turner	0.03619936033254777
fabricius	0.02828270743032478
disaster	0.016152606720902924
accused	0.010257360505353951
server	0.009762933685397246
prout	0.009672774825775733

TOPIC 4
diff	0.5488190480176796
http	0.4280672738824939
fleetrace	0.019230341106657844
discography	0.0017170707350079885
syria	1.9116687610290143E-4
syrian	1.167008748060744E-4
cole	1.0226871920698469E-4
kumar	9.076865474882757E-5
facebook	8.016827007634311E-5
cinema	7.147369876416082E-5

TOPIC 5
journalism	0.014318675061050164
sculpture	0.014117894898705362
hook	0.010623597285338132
syrian	0.008931220313689682
participation	0.008781702815180245
freestyle	0.008777370416899731
technologies	0.008731387488814933
artistic	0.00870262799548878
youtube	0.008547554243460032
jump	0.008465036767247615

TOPIC 6
diff	0.31954102347700525
http	0.21288689176041617
prout	0.11245616744106542
yang	0.08853915513213836
captives	0.05570629264926861
butler	0.04186926085762617
dans	0.03198500738962699
turner	0.026545369748677876
benjamin	0.02234535657636798
afghanistan	0.020875239754649007

TOPIC 7
pikkemand	0.05712282712302628
injured	0.028100356999867272
accused	0.012159121928169626
freestyle	0.010882332310687677
conduct	0.009602732698614887
paralympics	0.009583746878916832
hook	0.009295074470903681
schedule	0.009044304324199344
participation	0.008324307298851313
butterfly	0.008209785995171892

TOPIC 8
middot	0.058039664756857894
disaster	0.01739050771556509
false	0.013927552112817725
nigeria	0.0131995133941786
hook	0.009384995725676233
print	0.008582496280330585
collaboration	0.00856456731067223
participation	0.008523599243012093
olympicsreferences	0.008292150988038812
arabic	0.008248733030849062

TOPIC 9
tide	0.8952624532306264
acraea	0.0025904235145926854
olympicsreferences	0.0016040464939991895
butterfly	0.0013923694044665348
hook	0.0013335144123921016
congo	0.0011259434165795611
reviewed	0.00106778205658469
contested	0.0010056539422222126
cinema	9.692336095200973E-4
youtube	8.987911281046699E-4

TOPIC 10
mera	0.341373782094626
trea	0.24385187299283606
olympicsreferences	0.010107179435894426
hook	0.0066354962750440295
butterfly	0.005755511163462132
reviewed	0.005481869130539083
contested	0.005391743266811193
bibliography	0.0047199488432184255
congo	0.004701119845611614
youtube	0.004392393064546983

TOPIC 11
indonesian	0.04120136556184639
harrison	0.023766426141677233
thailand	0.02354982925450197
false	0.020305217187162772
therapy	0.014339135532982447
journalism	0.009489223557662225
dans	0.009156339100798166
default	0.008874317201951705
partners	0.0088633064187629
afghanistan	0.008666991784227411

TOPIC 12
peoplehello	0.12757448817999018
turbonilla	0.11107790204288269
hook	0.01041163510297891
olympicsreferences	0.010020506405807506
afghanistan	0.008425833489058048
butterfly	0.008206840749839043
benjamin	0.008123769736215012
reviewed	0.007898337051749502
congo	0.007792190968710299
disaster	0.0073002370799065755

TOPIC 13
mera	0.5315673676539697
trea	0.4683352608276111
olympicsreferences	1.694921632256133E-6
hook	1.0975164234088118E-6
contested	1.017919362274196E-6
butterfly	1.0174864468293564E-6
reviewed	9.902713448299166E-7
bibliography	9.62144691732349E-7
kumar	8.60384184469669E-7
congo	8.180403544585235E-7

TOPIC 14
hook	0.013237705198767078
olympicsreferences	0.01156179736461077
schedule	0.010993468270195829
butterfly	0.01072540833843149
youtube	0.009862350997852607
reviewed	0.009823676150773149
collaboration	0.009173860853184002
artistic	0.009172660403220241
cinema	0.008811660746292846
congo	0.00863575243511007

TOPIC 15
kisses	0.4988437845306
isabellaphineas	0.4961511286597415
olympicsreferences	1.2265525281923492E-4
hook	8.040665642568577E-5
butterfly	7.306286624190873E-5
contested	6.737678257450582E-5
reviewed	6.713705816257887E-5
bibliography	6.0491752233324723E-5
abuse	5.9867803658545156E-5
congo	5.197693481266937E-5

TOPIC 16
mickbig	0.5853091779859582
horizadvx	0.07537026877639377
glyph	0.07536963539609397
para	0.06332018853243317
eurovision	0.004033568381536386
linestyle	0.0027607228850628743
paralympics	0.002519969850959534
ffffcolor	0.0024696099745908197
olympicsreferences	0.002399884670209363
injured	0.002234191812125881

TOPIC 17
cycling	0.06505397020806428
desire	0.01511840767602985
benjamin	0.01123238163904743
birmingham	0.011158705362052141
linestyle	0.01049403956578233
hook	0.009695382812331522
ffffcolor	0.008884752959307648
icon	0.008714488053133521
nigeria	0.00829504897233852
butterfly	0.008270299957009564

TOPIC 18
hook	0.01099814280470726
liga	0.010195882384113212
dans	0.010166196428386117
olympicsreferences	0.009332724327622844
artistic	0.008972243126751225
collaboration	0.008813154312954978
butterfly	0.008758287164776076
beauty	0.008710755907909071
partners	0.008610812574765748
participation	0.00845346640675289

TOPIC 19
diff	0.23042706326416534
http	0.17603101996779397
simpledata	0.14547633948956282
spam	0.13847462652603065
spamthis	0.09327312719824152
simplefield	0.07514385900617385
linestyle	0.037198659028259924
ffffcolor	0.03583565851018442
email	0.01269197767246091
discography	0.004347650009433755

Terms found in all topics: 
spamthis: 1
pikkemand: 1
frogs: 1
server: 1
charaxes: 1
tide: 1
para: 1
email: 1
abuse: 1
indonesian: 1
peoplehello: 1
jump: 1
kisses: 1
liga: 1
print: 1
infrastructure: 1
icon: 1
linnaeus: 1
isabellaphineas: 1
therapy: 1
glyph: 1
turbonilla: 1
cole: 1
stakes: 1
technologies: 1
mickbig: 1
beauty: 1
simpledata: 1
captives: 1
competing: 1
facebook: 1
yang: 1
middot: 1
appearing: 1
default: 1
conduct: 1
arabic: 1
fleetrace: 1
thailand: 1
hewitson: 1
spam: 1
cycling: 1
archive: 1
flowersi: 1
simplefield: 1
desire: 1
horizadvx: 1
harrison: 1
false: 2
eurovision: 2
birmingham: 2
turner: 2
fabricius: 2
injured: 2
partners: 2
schedule: 2
sculpture: 2
acraea: 2
nigeria: 2
syria: 2
accused: 2
prout: 2
kumar: 2
butler: 3
collaboration: 3
dans: 3
mera: 3
discography: 3
linestyle: 3
ffffcolor: 3
journalism: 3
artistic: 3
disaster: 3
paralympics: 3
trea: 3
diff: 3
cinema: 3
freestyle: 3
benjamin: 3
syrian: 3
http: 3
afghanistan: 3
youtube: 4
participation: 4
bibliography: 4
contested: 5
reviewed: 7
congo: 7
butterfly: 10
olympicsreferences: 11
hook: 13
The word 'olympicsreferences' appeared in 11 topics: adding to data/stop_words.txt.
The word 'hook' appeared in 13 topics: adding to data/stop_words.txt.
[0m[[32msuccess[0m] [0mTotal time: 79 s, completed May 9, 2016 12:37:15 AM[0m
