[0m[[0minfo[0m] [0mLoading project definition from /Users/seeng/school/Spring2016/comp541/wikipedia-project/project[0m
[0m[[0minfo[0m] [0mSet current project to wikipedia-topic-modeling (in build file:/Users/seeng/school/Spring2016/comp541/wikipedia-project/)[0m
[0m[[0minfo[0m] [0mRunning LDAExample --k=20 --stopwordFile=data/stop_words.txt --vocabSize=200 ../wikipedia_data/disk{801,802,803,804,805,806,807,808,809,810,811,812,813,814,815,816,817,818,819,820,821,822,823,824,825,826,827,828,829,830,831,832,833,834,835,836,837,838,839,840,841,842,843,844,845,846,847,848,849,}.txt[0m

Corpus summary:
	 Training set size: 384419 documents
	 Vocabulary size: 200 terms
	 Training set size: 212244 tokens
	 Preprocessing time: 51.306549 sec

Finished training LDA model.  Summary:
	 Training time: 22.443595 sec
	 Training data average log likelihood: -5.329324078876296

20 topics:
TOPIC 0
telescopeorion	0.1614437298760034
proplyd	0.15081186746824848
hubble	0.13045638926343658
nebula	0.11164568143167262
highlights	0.09215485343356529
arctiidae	0.006867266309696353
automatic	0.004407315753475006
tortricidae	0.004159571062870889
invitation	0.004068923987551784
icon	0.003847081781188409

TOPIC 1
temporary	0.16035303539112378
regulations	0.14976588728504753
amendment	0.13425086958269472
trunk	0.08333993832585648
prohibition	0.08164512912660109
welfare	0.00890303429308695
legislation	0.007930638532342564
benefits	0.006933878118106045
notice	0.006323957503200015
schedule	0.0062797976909379025

TOPIC 2
budder	0.2933102534952581
anchor	0.07175702618925923
heading	0.06935927889037087
herbert	0.011579618343078182
arctiidae	0.006623494191836847
categories	0.006365168374771575
automatic	0.005400740503950346
wang	0.0051367414189277235
collaboration	0.0049023446375524755
galaxy	0.004809971903194786

TOPIC 3
highlights	0.22087206348785085
nebula	0.20346618840905834
hubble	0.1955278881070825
proplyd	0.18618362207573733
telescopeorion	0.18248187220721956
arctiidae	2.509799162962277E-4
tortricidae	1.5490985173024314E-4
automatic	1.4976253410461251E-4
invitation	1.4799561976469147E-4
kurdistan	1.325630206658739E-4

TOPIC 4
penis	0.1469267521862788
geographorguk	0.11729535298184263
uploaddesc	0.04388352162509739
taiwan	0.01600439165865234
episcopal	0.011899292436391469
arctiidae	0.009098434114045609
tech	0.008424391235645617
nicholas	0.007088403789650249
automatic	0.0069244648614752045
marks	0.006708375465537554

TOPIC 5
ready	0.25942012373142953
yang	0.0902180281606394
linestring	0.0690210314165118
placemark	0.05993345810795091
episcopal	0.05052628301700448
linestyle	0.045064639688824744
ffffcolor	0.0369499725460524
uploaddesc	0.020011135718457376
advertising	0.013123196534602343
icon	0.009298553625151543

TOPIC 6
arctiidae	0.01323688919070943
automatic	0.011206389477307432
tech	0.011158304903245507
tortricidae	0.009022080591557955
invitation	0.008963845717230605
youtube	0.008849714166124975
incumbent	0.008832786865282731
collaboration	0.008656403405959748
byelection	0.008497600549637729
brick	0.008406142816851123

TOPIC 7
amusxpjcmclymontcoming	0.297633388022783
musicstreamus	0.17596777867104602
arctiidae	0.008267831508573348
automatic	0.0061357784232359625
cycling	0.005944951789357139
nigeria	0.00542249308625712
invitation	0.005265749507795371
tortricidae	0.005246445662527901
incumbent	0.004885757373502808
contested	0.004797598786784933

TOPIC 8
derp	0.12129577566926576
runner	0.07931238534854147
taiwan	0.020570302755794235
advertising	0.013414132222551113
wang	0.00889259540562567
genetic	0.008773741890273896
benefits	0.008360237830782496
arctiidae	0.007823561085866366
yang	0.007530040125898111
nigeria	0.007268611130691097

TOPIC 9
simpledata	0.34060664624090164
ffffcolor	0.03996261098928081
linestyle	0.03968352480838322
placemark	0.0282127832974559
linestring	0.02550488458775289
arctiidae	0.010737639104309095
automatic	0.006934347382057734
tortricidae	0.006810733814390113
invitation	0.006470275528917732
kurdistan	0.005875094756877436

TOPIC 10
qualification	0.03491768290309176
kosovo	0.019075636754588805
herbert	0.018441677001693486
nigeria	0.009424081171772148
monthly	0.009353621103223582
arctiidae	0.009158960810991202
partners	0.009058101010524256
judges	0.008813474372800334
automatic	0.008230841627226726
commerce	0.008068272797387555

TOPIC 11
referee	0.02019375626123729
taiwan	0.016939614443086486
module	0.015366372333462299
icon	0.009699199349122351
legislation	0.009493347063215318
kosovo	0.009414858455242446
agencies	0.009197422409841971
sar	0.00912301156840104
arctiidae	0.008973402786510234
benjamin	0.008877287408338451

TOPIC 12
rico	0.029086348471293457
monthly	0.021296648707820515
depth	0.019383052575991065
wang	0.01185469121421738
yang	0.011279317395310483
sultan	0.010929324922472141
para	0.010349905561482044
categories	0.00924001461409562
nigeria	0.00904138476373293
orbit	0.0090407034291626

TOPIC 13
gauge	0.02883120963132297
uploaddesc	0.014954522069187728
narrow	0.013873311882636422
concrete	0.01353545011383449
arctiidae	0.009662824359942672
automatic	0.00908394997756826
incumbent	0.008516437301704746
galaxy	0.008091968672499755
youtube	0.007901826227922758
byelection	0.007884066309720208

TOPIC 14
herobrine	0.24658161677943424
ballet	0.07082317598598503
concrete	0.04029953861434714
yang	0.013544877750203995
wang	0.008237553158894672
email	0.008099102658458686
consumer	0.007640341813934806
artistic	0.006865224656284548
topics	0.006485547829492566
arctiidae	0.006479359399520649

TOPIC 15
wikivoyage	0.6910839578016419
qualification	0.024425457106561466
icon	0.0041651697214554395
taiwan	0.004101009755935695
arctiidae	0.003766694406934216
automatic	0.0028892827471051893
debuted	0.002814245403719755
thailand	0.002485143545527182
kosovo	0.002456298481071715
invitation	0.0024355318451888715

TOPIC 16
referee	0.022214789255590728
sultan	0.021928273465119205
topics	0.01798302104803042
shah	0.011300351041090272
arctiidae	0.010067733872944103
automatic	0.009220983764582566
genetic	0.008952550711000042
acre	0.008041104129509254
partners	0.007905739046089079
thousand	0.007872784919108915

TOPIC 17
yaranaika	0.3296147213675306
iranian	0.11429274234418053
default	0.08225295105148787
bangladeshi	0.07474913512813718
thousand	0.011356286430317851
acre	0.009164221391479651
shah	0.007539686199291649
consumer	0.007123304195742696
archive	0.006435462974560177
module	0.005160970183578364

TOPIC 18
lolzerzs	0.1786210837067447
archive	0.11417209688649295
commonscat	0.06986001776132407
uploaddesc	0.040591372268158184
yang	0.0378471715128484
para	0.022344105621144028
gauge	0.02086886903862982
linestring	0.009399414442686348
placemark	0.00835595598983344
narrow	0.007139144230943103

TOPIC 19
chadic	0.1084798198520647
arabic	0.06561501124409129
gauge	0.031743374768830775
placemark	0.028081412039430934
linestring	0.016103155265527
ffffcolor	0.013846767686043818
linestyle	0.013465751028258146
nigeria	0.012655763160878708
topics	0.010690183818417113
narrow	0.01052238737843044

Terms found in all topics: 
anchor: 1
heading: 1
herobrine: 1
lolzerzs: 1
amusxpjcmclymontcoming: 1
sar: 1
email: 1
regulations: 1
commonscat: 1
agencies: 1
ballet: 1
ready: 1
marks: 1
chadic: 1
temporary: 1
artistic: 1
brick: 1
commerce: 1
contested: 1
amendment: 1
runner: 1
penis: 1
prohibition: 1
musicstreamus: 1
iranian: 1
nicholas: 1
simpledata: 1
budder: 1
notice: 1
derp: 1
geographorguk: 1
wikivoyage: 1
default: 1
debuted: 1
schedule: 1
arabic: 1
orbit: 1
thailand: 1
rico: 1
judges: 1
depth: 1
yaranaika: 1
benjamin: 1
bangladeshi: 1
trunk: 1
cycling: 1
welfare: 1
highlights: 2
module: 2
collaboration: 2
benefits: 2
nebula: 2
qualification: 2
para: 2
youtube: 2
referee: 2
legislation: 2
galaxy: 2
acre: 2
byelection: 2
episcopal: 2
shah: 2
consumer: 2
hubble: 2
partners: 2
telescopeorion: 2
herbert: 2
categories: 2
concrete: 2
tech: 2
thousand: 2
genetic: 2
proplyd: 2
archive: 2
monthly: 2
kurdistan: 2
sultan: 2
advertising: 2
topics: 3
kosovo: 3
linestyle: 3
ffffcolor: 3
gauge: 3
incumbent: 3
narrow: 3
taiwan: 4
icon: 4
linestring: 4
placemark: 4
uploaddesc: 4
wang: 4
tortricidae: 5
yang: 5
nigeria: 5
invitation: 6
automatic: 11
arctiidae: 14
The word 'sar' appeared in 1 topics: adding to data/stop_words.txt.
The word 'automatic' appeared in 11 topics: adding to data/stop_words.txt.
The word 'arctiidae' appeared in 14 topics: adding to data/stop_words.txt.
[0m[[32msuccess[0m] [0mTotal time: 79 s, completed May 9, 2016 12:40:03 AM[0m
